2015-11-19 5:33:42 - PHP Notice:  Undefined variable: text_loading in /var/www/html/waltersbay/catalog/view/theme/waltcustom/template/common/search.tpl on line 9
2015-11-19 5:33:42 - PHP Notice:  Undefined variable: text_items in /var/www/html/waltersbay/catalog/view/theme/waltcustom/template/common/search.tpl on line 9
2015-11-19 5:33:47 - PHP Notice:  Undefined variable: text_loading in /var/www/html/waltersbay/catalog/view/theme/waltcustom/template/common/search.tpl on line 9
2015-11-19 5:33:47 - PHP Notice:  Undefined variable: text_items in /var/www/html/waltersbay/catalog/view/theme/waltcustom/template/common/search.tpl on line 9
2015-11-19 5:33:48 - PHP Notice:  Undefined variable: text_loading in /var/www/html/waltersbay/catalog/view/theme/waltcustom/template/common/search.tpl on line 9
2015-11-19 5:33:48 - PHP Notice:  Undefined variable: text_items in /var/www/html/waltersbay/catalog/view/theme/waltcustom/template/common/search.tpl on line 9
2015-11-19 5:33:49 - PHP Notice:  Undefined variable: text_loading in /var/www/html/waltersbay/catalog/view/theme/waltcustom/template/common/search.tpl on line 9
2015-11-19 5:33:49 - PHP Notice:  Undefined variable: text_items in /var/www/html/waltersbay/catalog/view/theme/waltcustom/template/common/search.tpl on line 9
2015-11-19 5:33:51 - PHP Notice:  Undefined variable: text_loading in /var/www/html/waltersbay/catalog/view/theme/waltcustom/template/common/search.tpl on line 9
2015-11-19 5:33:51 - PHP Notice:  Undefined variable: text_items in /var/www/html/waltersbay/catalog/view/theme/waltcustom/template/common/search.tpl on line 9
2015-11-19 5:33:51 - PHP Notice:  Undefined variable: text_loading in /var/www/html/waltersbay/catalog/view/theme/waltcustom/template/common/search.tpl on line 9
2015-11-19 5:33:51 - PHP Notice:  Undefined variable: text_items in /var/www/html/waltersbay/catalog/view/theme/waltcustom/template/common/search.tpl on line 9
2015-11-19 5:33:54 - PHP Notice:  Undefined variable: text_loading in /var/www/html/waltersbay/catalog/view/theme/waltcustom/template/common/search.tpl on line 9
2015-11-19 5:33:54 - PHP Notice:  Undefined variable: text_items in /var/www/html/waltersbay/catalog/view/theme/waltcustom/template/common/search.tpl on line 9
2015-11-19 5:33:56 - PHP Notice:  Undefined variable: text_loading in /var/www/html/waltersbay/catalog/view/theme/waltcustom/template/common/search.tpl on line 9
2015-11-19 5:33:56 - PHP Notice:  Undefined variable: text_items in /var/www/html/waltersbay/catalog/view/theme/waltcustom/template/common/search.tpl on line 9
2015-11-19 5:33:56 - PHP Notice:  Undefined variable: text_loading in /var/www/html/waltersbay/catalog/view/theme/waltcustom/template/common/search.tpl on line 9
2015-11-19 5:33:56 - PHP Notice:  Undefined variable: text_items in /var/www/html/waltersbay/catalog/view/theme/waltcustom/template/common/search.tpl on line 9
2015-11-19 5:33:59 - PHP Notice:  Undefined variable: text_loading in /var/www/html/waltersbay/catalog/view/theme/waltcustom/template/common/search.tpl on line 9
2015-11-19 5:33:59 - PHP Notice:  Undefined variable: text_items in /var/www/html/waltersbay/catalog/view/theme/waltcustom/template/common/search.tpl on line 9
2015-11-19 5:46:30 - PHP Notice:  Undefined variable: text_loading in /var/www/html/waltersbay/catalog/view/theme/waltcustom/template/common/search.tpl on line 9
2015-11-19 5:46:30 - PHP Notice:  Undefined variable: text_items in /var/www/html/waltersbay/catalog/view/theme/waltcustom/template/common/search.tpl on line 9
2015-11-19 5:48:37 - PHP Notice:  Undefined variable: text_loading in /var/www/html/waltersbay/catalog/view/theme/waltcustom/template/common/search.tpl on line 9
2015-11-19 5:48:37 - PHP Notice:  Undefined variable: text_items in /var/www/html/waltersbay/catalog/view/theme/waltcustom/template/common/search.tpl on line 9
2015-11-19 5:51:19 - PHP Notice:  Undefined variable: text_loading in /var/www/html/waltersbay/catalog/view/theme/waltcustom/template/common/search.tpl on line 9
2015-11-19 5:51:19 - PHP Notice:  Undefined variable: text_items in /var/www/html/waltersbay/catalog/view/theme/waltcustom/template/common/search.tpl on line 9
2015-11-19 6:10:45 - PHP Notice:  Undefined variable: text_loading in /var/www/html/waltersbay/catalog/view/theme/waltcustom/template/common/search.tpl on line 9
2015-11-19 6:10:45 - PHP Notice:  Undefined variable: text_items in /var/www/html/waltersbay/catalog/view/theme/waltcustom/template/common/search.tpl on line 9
2015-11-19 6:10:46 - PHP Notice:  Undefined variable: text_loading in /var/www/html/waltersbay/catalog/view/theme/waltcustom/template/common/search.tpl on line 9
2015-11-19 6:10:46 - PHP Notice:  Undefined variable: text_items in /var/www/html/waltersbay/catalog/view/theme/waltcustom/template/common/search.tpl on line 9
2015-11-19 6:10:51 - PHP Notice:  Undefined variable: text_loading in /var/www/html/waltersbay/catalog/view/theme/waltcustom/template/common/search.tpl on line 9
2015-11-19 6:10:51 - PHP Notice:  Undefined variable: text_items in /var/www/html/waltersbay/catalog/view/theme/waltcustom/template/common/search.tpl on line 9
2015-11-19 6:10:55 - PHP Notice:  Undefined variable: text_loading in /var/www/html/waltersbay/catalog/view/theme/waltcustom/template/common/search.tpl on line 9
2015-11-19 6:10:55 - PHP Notice:  Undefined variable: text_items in /var/www/html/waltersbay/catalog/view/theme/waltcustom/template/common/search.tpl on line 9
2015-11-19 6:10:56 - PHP Notice:  Undefined variable: text_loading in /var/www/html/waltersbay/catalog/view/theme/waltcustom/template/common/search.tpl on line 9
2015-11-19 6:10:56 - PHP Notice:  Undefined variable: text_items in /var/www/html/waltersbay/catalog/view/theme/waltcustom/template/common/search.tpl on line 9
2015-11-19 6:17:05 - PHP Notice:  Undefined variable: text_loading in /var/www/html/waltersbay/catalog/view/theme/waltcustom/template/common/search.tpl on line 9
2015-11-19 6:17:05 - PHP Notice:  Undefined variable: text_items in /var/www/html/waltersbay/catalog/view/theme/waltcustom/template/common/search.tpl on line 9
2015-11-19 6:17:11 - PHP Notice:  Undefined variable: text_loading in /var/www/html/waltersbay/catalog/view/theme/waltcustom/template/common/search.tpl on line 9
2015-11-19 6:17:11 - PHP Notice:  Undefined variable: text_items in /var/www/html/waltersbay/catalog/view/theme/waltcustom/template/common/search.tpl on line 9
2015-11-19 6:17:54 - PHP Notice:  Undefined variable: text_loading in /var/www/html/waltersbay/catalog/view/theme/waltcustom/template/common/search.tpl on line 9
2015-11-19 6:17:54 - PHP Notice:  Undefined variable: text_items in /var/www/html/waltersbay/catalog/view/theme/waltcustom/template/common/search.tpl on line 9
2015-11-19 6:18:43 - PHP Notice:  Undefined variable: text_loading in /var/www/html/waltersbay/catalog/view/theme/waltcustom/template/common/search.tpl on line 9
2015-11-19 6:18:43 - PHP Notice:  Undefined variable: text_items in /var/www/html/waltersbay/catalog/view/theme/waltcustom/template/common/search.tpl on line 9
2015-11-19 6:28:04 - PHP Notice:  Undefined variable: text_loading in /var/www/html/waltersbay/catalog/view/theme/waltcustom/template/common/search.tpl on line 9
2015-11-19 6:28:04 - PHP Notice:  Undefined variable: text_items in /var/www/html/waltersbay/catalog/view/theme/waltcustom/template/common/search.tpl on line 9
2015-11-19 7:55:20 - PHP Notice:  Undefined variable: text_loading in /var/www/html/waltersbay/catalog/view/theme/waltcustom/template/common/search.tpl on line 9
2015-11-19 7:55:20 - PHP Notice:  Undefined variable: text_items in /var/www/html/waltersbay/catalog/view/theme/waltcustom/template/common/search.tpl on line 9
2015-11-19 8:56:02 - PHP Notice:  Undefined variable: text_loading in /var/www/html/waltersbay/catalog/view/theme/waltcustom/template/common/search.tpl on line 9
2015-11-19 8:56:02 - PHP Notice:  Undefined variable: text_items in /var/www/html/waltersbay/catalog/view/theme/waltcustom/template/common/search.tpl on line 9
2015-11-19 8:56:03 - PHP Notice:  Undefined variable: text_loading in /var/www/html/waltersbay/catalog/view/theme/waltcustom/template/common/search.tpl on line 9
2015-11-19 8:56:03 - PHP Notice:  Undefined variable: text_items in /var/www/html/waltersbay/catalog/view/theme/waltcustom/template/common/search.tpl on line 9
2015-11-19 8:58:28 - PHP Notice:  Undefined variable: text_loading in /var/www/html/waltersbay/catalog/view/theme/waltcustom/template/common/search.tpl on line 9
2015-11-19 8:58:28 - PHP Notice:  Undefined variable: text_items in /var/www/html/waltersbay/catalog/view/theme/waltcustom/template/common/search.tpl on line 9
2015-11-19 8:58:29 - PHP Notice:  Undefined variable: text_loading in /var/www/html/waltersbay/catalog/view/theme/waltcustom/template/common/search.tpl on line 9
2015-11-19 8:58:29 - PHP Notice:  Undefined variable: text_items in /var/www/html/waltersbay/catalog/view/theme/waltcustom/template/common/search.tpl on line 9
2015-11-19 10:32:13 - PHP Notice:  Undefined variable: text_loading in /var/www/html/waltersbay/catalog/view/theme/waltcustom/template/common/search.tpl on line 9
2015-11-19 10:32:13 - PHP Notice:  Undefined variable: text_items in /var/www/html/waltersbay/catalog/view/theme/waltcustom/template/common/search.tpl on line 9
2015-11-19 10:32:14 - PHP Notice:  Undefined variable: text_loading in /var/www/html/waltersbay/catalog/view/theme/waltcustom/template/common/search.tpl on line 9
2015-11-19 10:32:14 - PHP Notice:  Undefined variable: text_items in /var/www/html/waltersbay/catalog/view/theme/waltcustom/template/common/search.tpl on line 9
2015-11-19 10:32:15 - PHP Notice:  Undefined variable: text_loading in /var/www/html/waltersbay/catalog/view/theme/waltcustom/template/common/search.tpl on line 9
2015-11-19 10:32:15 - PHP Notice:  Undefined variable: text_items in /var/www/html/waltersbay/catalog/view/theme/waltcustom/template/common/search.tpl on line 9
2015-11-19 10:32:16 - PHP Notice:  Undefined variable: text_loading in /var/www/html/waltersbay/catalog/view/theme/waltcustom/template/common/search.tpl on line 9
2015-11-19 10:32:16 - PHP Notice:  Undefined variable: text_items in /var/www/html/waltersbay/catalog/view/theme/waltcustom/template/common/search.tpl on line 9
2015-11-19 10:32:17 - PHP Notice:  Undefined variable: text_loading in /var/www/html/waltersbay/catalog/view/theme/waltcustom/template/common/search.tpl on line 9
2015-11-19 10:32:17 - PHP Notice:  Undefined variable: text_items in /var/www/html/waltersbay/catalog/view/theme/waltcustom/template/common/search.tpl on line 9
2015-11-19 10:32:18 - PHP Notice:  Undefined variable: text_loading in /var/www/html/waltersbay/catalog/view/theme/waltcustom/template/common/search.tpl on line 9
2015-11-19 10:32:18 - PHP Notice:  Undefined variable: text_items in /var/www/html/waltersbay/catalog/view/theme/waltcustom/template/common/search.tpl on line 9
2015-11-19 10:32:24 - PHP Notice:  Undefined variable: text_loading in /var/www/html/waltersbay/catalog/view/theme/waltcustom/template/common/search.tpl on line 9
2015-11-19 10:32:24 - PHP Notice:  Undefined variable: text_items in /var/www/html/waltersbay/catalog/view/theme/waltcustom/template/common/search.tpl on line 9
2015-11-19 10:32:25 - PHP Notice:  Undefined variable: text_loading in /var/www/html/waltersbay/catalog/view/theme/waltcustom/template/common/search.tpl on line 9
2015-11-19 10:32:25 - PHP Notice:  Undefined variable: text_items in /var/www/html/waltersbay/catalog/view/theme/waltcustom/template/common/search.tpl on line 9
2015-11-19 10:32:27 - PHP Notice:  Undefined variable: text_loading in /var/www/html/waltersbay/catalog/view/theme/waltcustom/template/common/search.tpl on line 9
2015-11-19 10:32:27 - PHP Notice:  Undefined variable: text_items in /var/www/html/waltersbay/catalog/view/theme/waltcustom/template/common/search.tpl on line 9
2015-11-19 10:32:28 - PHP Notice:  Undefined variable: text_loading in /var/www/html/waltersbay/catalog/view/theme/waltcustom/template/common/search.tpl on line 9
2015-11-19 10:32:28 - PHP Notice:  Undefined variable: text_items in /var/www/html/waltersbay/catalog/view/theme/waltcustom/template/common/search.tpl on line 9
2015-11-20 3:33:31 - PHP Notice:  Undefined variable: text_loading in /var/www/html/waltersbay/catalog/view/theme/waltcustom/template/common/search.tpl on line 9
2015-11-20 3:33:31 - PHP Notice:  Undefined variable: text_items in /var/www/html/waltersbay/catalog/view/theme/waltcustom/template/common/search.tpl on line 9
2015-11-20 3:38:22 - PHP Notice:  Undefined variable: text_loading in /var/www/html/waltersbay/catalog/view/theme/waltcustom/template/common/search.tpl on line 9
2015-11-20 3:38:22 - PHP Notice:  Undefined variable: text_items in /var/www/html/waltersbay/catalog/view/theme/waltcustom/template/common/search.tpl on line 9
2015-11-20 3:39:33 - PHP Notice:  Undefined variable: text_loading in /var/www/html/waltersbay/catalog/view/theme/waltcustom/template/common/search.tpl on line 9
2015-11-20 3:39:33 - PHP Notice:  Undefined variable: text_items in /var/www/html/waltersbay/catalog/view/theme/waltcustom/template/common/search.tpl on line 9
2015-11-20 3:41:09 - PHP Notice:  Undefined variable: text_loading in /var/www/html/waltersbay/catalog/view/theme/waltcustom/template/common/search.tpl on line 9
2015-11-20 3:42:29 - PHP Notice:  Undefined variable: text_loading in /var/www/html/waltersbay/catalog/view/theme/waltcustom/template/common/search.tpl on line 9
2015-11-20 3:43:01 - PHP Notice:  Undefined variable: text_loading in /var/www/html/waltersbay/catalog/view/theme/waltcustom/template/common/search.tpl on line 9
2015-11-20 3:44:16 - PHP Notice:  Undefined variable: text_loading in /var/www/html/waltersbay/catalog/view/theme/waltcustom/template/common/search.tpl on line 9
2015-11-20 3:44:34 - PHP Notice:  Undefined variable: text_loading in /var/www/html/waltersbay/catalog/view/theme/waltcustom/template/common/search.tpl on line 9
2015-11-20 3:46:33 - PHP Notice:  Undefined variable: text_loading in /var/www/html/waltersbay/catalog/view/theme/waltcustom/template/common/search.tpl on line 9
2015-11-20 3:47:15 - PHP Notice:  Undefined variable: text_loading in /var/www/html/waltersbay/catalog/view/theme/waltcustom/template/common/search.tpl on line 9
2015-11-20 3:57:00 - PHP Notice:  Undefined variable: text_loading in /var/www/html/waltersbay/catalog/view/theme/waltcustom/template/common/search.tpl on line 9
2015-11-20 3:57:22 - PHP Notice:  Undefined variable: text_loading in /var/www/html/waltersbay/catalog/view/theme/waltcustom/template/common/search.tpl on line 9
2015-11-20 4:34:23 - PHP Notice:  Undefined variable: text_loading in /var/www/html/waltersbay/catalog/view/theme/waltcustom/template/common/search.tpl on line 9
2015-11-20 4:34:23 - PHP Notice:  Undefined variable: text_items in /var/www/html/waltersbay/catalog/view/theme/waltcustom/template/common/search.tpl on line 9
2015-11-20 4:35:58 - PHP Notice:  Undefined variable: text_loading in /var/www/html/waltersbay/catalog/view/theme/waltcustom/template/common/search.tpl on line 9
2015-11-20 4:35:58 - PHP Notice:  Undefined variable: text_items in /var/www/html/waltersbay/catalog/view/theme/waltcustom/template/common/search.tpl on line 9
2015-11-20 4:35:59 - PHP Notice:  Undefined variable: text_loading in /var/www/html/waltersbay/catalog/view/theme/waltcustom/template/common/search.tpl on line 9
2015-11-20 4:35:59 - PHP Notice:  Undefined variable: text_items in /var/www/html/waltersbay/catalog/view/theme/waltcustom/template/common/search.tpl on line 9
2015-11-20 4:36:03 - PHP Notice:  Undefined variable: text_loading in /var/www/html/waltersbay/catalog/view/theme/waltcustom/template/common/search.tpl on line 9
2015-11-20 4:36:03 - PHP Notice:  Undefined variable: text_items in /var/www/html/waltersbay/catalog/view/theme/waltcustom/template/common/search.tpl on line 9
2015-11-20 4:36:27 - PHP Notice:  Undefined variable: text_loading in /var/www/html/waltersbay/catalog/view/theme/waltcustom/template/common/search.tpl on line 9
2015-11-20 4:36:27 - PHP Notice:  Undefined variable: text_items in /var/www/html/waltersbay/catalog/view/theme/waltcustom/template/common/search.tpl on line 9
2015-11-20 4:37:05 - PHP Notice:  Undefined variable: text_loading in /var/www/html/waltersbay/catalog/view/theme/waltcustom/template/common/search.tpl on line 9
2015-11-20 4:37:05 - PHP Notice:  Undefined variable: text_items in /var/www/html/waltersbay/catalog/view/theme/waltcustom/template/common/search.tpl on line 9
2015-11-20 4:42:44 - PHP Notice:  Undefined variable: text_loading in /var/www/html/waltersbay/catalog/view/theme/waltcustom/template/common/search.tpl on line 7
2015-11-20 4:42:44 - PHP Notice:  Undefined variable: text_items in /var/www/html/waltersbay/catalog/view/theme/waltcustom/template/common/search.tpl on line 7
2015-11-20 4:43:23 - PHP Notice:  Undefined variable: text_loading in /var/www/html/waltersbay/catalog/view/theme/waltcustom/template/common/header.tpl on line 95
2015-11-20 4:43:23 - PHP Notice:  Undefined variable: text_items in /var/www/html/waltersbay/catalog/view/theme/waltcustom/template/common/header.tpl on line 95
2015-11-20 4:43:58 - PHP Notice:  Undefined variable: text_loading in /var/www/html/waltersbay/catalog/view/theme/waltcustom/template/common/header.tpl on line 95
2015-11-20 4:43:58 - PHP Notice:  Undefined variable: text_items in /var/www/html/waltersbay/catalog/view/theme/waltcustom/template/common/header.tpl on line 95
2015-11-20 5:49:39 - PHP Warning:  imagepng(): Unable to open '/var/www/html/waltersbay/image/cache/catalog/tea_test4-500x500.png' for writing: Permission denied in /var/www/html/waltersbay/system/library/image.php on line 66
2015-11-20 5:49:39 - PHP Warning:  imagepng(): Unable to open '/var/www/html/waltersbay/image/cache/catalog/tea_test4-228x228.png' for writing: Permission denied in /var/www/html/waltersbay/system/library/image.php on line 66
2015-11-20 5:49:53 - PHP Warning:  imagepng(): Unable to open '/var/www/html/waltersbay/image/cache/catalog/tea_test4-500x500.png' for writing: Permission denied in /var/www/html/waltersbay/system/library/image.php on line 66
2015-11-20 5:49:53 - PHP Warning:  imagepng(): Unable to open '/var/www/html/waltersbay/image/cache/catalog/tea_test4-228x228.png' for writing: Permission denied in /var/www/html/waltersbay/system/library/image.php on line 66
2015-11-20 5:50:09 - PHP Warning:  imagepng(): Unable to open '/var/www/html/waltersbay/image/cache/catalog/tea_test4-500x500.png' for writing: Permission denied in /var/www/html/waltersbay/system/library/image.php on line 66
2015-11-20 5:50:09 - PHP Warning:  imagepng(): Unable to open '/var/www/html/waltersbay/image/cache/catalog/tea_test4-228x228.png' for writing: Permission denied in /var/www/html/waltersbay/system/library/image.php on line 66
2015-11-20 5:50:18 - PHP Warning:  imagepng(): Unable to open '/var/www/html/waltersbay/image/cache/catalog/tea_test4-500x500.png' for writing: Permission denied in /var/www/html/waltersbay/system/library/image.php on line 66
2015-11-20 5:50:18 - PHP Warning:  imagepng(): Unable to open '/var/www/html/waltersbay/image/cache/catalog/tea_test4-228x228.png' for writing: Permission denied in /var/www/html/waltersbay/system/library/image.php on line 66
2015-11-20 5:51:10 - PHP Notice:  Error: Could not load template /var/www/html/waltersbay/catalog/view/theme/default/template/module/categoryslider.tpl! in /var/www/html/waltersbay/system/engine/loader.php on line 86
2015-11-20 6:12:23 - PHP Warning:  imagepng(): Unable to open '/var/www/html/waltersbay/image/cache/catalog/banner_2-800x380.png' for writing: Permission denied in /var/www/html/waltersbay/system/library/image.php on line 66
2015-11-20 6:12:23 - PHP Warning:  imagepng(): Unable to open '/var/www/html/waltersbay/image/cache/catalog/banner_1-800x380.png' for writing: Permission denied in /var/www/html/waltersbay/system/library/image.php on line 66
2015-11-20 6:12:23 - PHP Warning:  imagepng(): Unable to open '/var/www/html/waltersbay/image/cache/catalog/category_1-350x200.png' for writing: Permission denied in /var/www/html/waltersbay/system/library/image.php on line 66
2015-11-20 6:12:23 - PHP Warning:  imagepng(): Unable to open '/var/www/html/waltersbay/image/cache/catalog/tea_test4-350x200.png' for writing: Permission denied in /var/www/html/waltersbay/system/library/image.php on line 66
2015-11-20 6:12:23 - PHP Warning:  imagepng(): Unable to open '/var/www/html/waltersbay/image/cache/catalog/tea_test5-350x200.png' for writing: Permission denied in /var/www/html/waltersbay/system/library/image.php on line 66
2015-11-20 6:12:23 - PHP Warning:  imagepng(): Unable to open '/var/www/html/waltersbay/image/cache/catalog/tea_test3-350x200.png' for writing: Permission denied in /var/www/html/waltersbay/system/library/image.php on line 66
2015-11-20 6:12:23 - PHP Warning:  imagepng(): Unable to open '/var/www/html/waltersbay/image/cache/catalog/category_1-200x300.png' for writing: Permission denied in /var/www/html/waltersbay/system/library/image.php on line 66
2015-11-20 6:12:23 - PHP Warning:  imagepng(): Unable to open '/var/www/html/waltersbay/image/cache/catalog/tea_test4-200x300.png' for writing: Permission denied in /var/www/html/waltersbay/system/library/image.php on line 66
2015-11-20 6:13:51 - PHP Warning:  imagepng(): Unable to open '/var/www/html/waltersbay/image/cache/catalog/banner_2-800x380.png' for writing: Permission denied in /var/www/html/waltersbay/system/library/image.php on line 66
2015-11-20 6:13:51 - PHP Warning:  imagepng(): Unable to open '/var/www/html/waltersbay/image/cache/catalog/banner_1-800x380.png' for writing: Permission denied in /var/www/html/waltersbay/system/library/image.php on line 66
2015-11-20 6:13:51 - PHP Warning:  imagepng(): Unable to open '/var/www/html/waltersbay/image/cache/catalog/category_1-350x200.png' for writing: Permission denied in /var/www/html/waltersbay/system/library/image.php on line 66
2015-11-20 6:13:51 - PHP Warning:  imagepng(): Unable to open '/var/www/html/waltersbay/image/cache/catalog/tea_test4-350x200.png' for writing: Permission denied in /var/www/html/waltersbay/system/library/image.php on line 66
2015-11-20 6:13:51 - PHP Warning:  imagepng(): Unable to open '/var/www/html/waltersbay/image/cache/catalog/tea_test5-350x200.png' for writing: Permission denied in /var/www/html/waltersbay/system/library/image.php on line 66
2015-11-20 6:13:51 - PHP Warning:  imagepng(): Unable to open '/var/www/html/waltersbay/image/cache/catalog/tea_test3-350x200.png' for writing: Permission denied in /var/www/html/waltersbay/system/library/image.php on line 66
2015-11-20 6:13:51 - PHP Warning:  imagepng(): Unable to open '/var/www/html/waltersbay/image/cache/catalog/category_1-200x300.png' for writing: Permission denied in /var/www/html/waltersbay/system/library/image.php on line 66
2015-11-20 6:13:51 - PHP Warning:  imagepng(): Unable to open '/var/www/html/waltersbay/image/cache/catalog/tea_test4-200x300.png' for writing: Permission denied in /var/www/html/waltersbay/system/library/image.php on line 66
2015-11-20 6:18:00 - PHP Warning:  imagepng(): Unable to open '/var/www/html/waltersbay/image/cache/catalog/banner_2-800x380.png' for writing: Permission denied in /var/www/html/waltersbay/system/library/image.php on line 66
2015-11-20 6:18:00 - PHP Warning:  imagepng(): Unable to open '/var/www/html/waltersbay/image/cache/catalog/banner_1-800x380.png' for writing: Permission denied in /var/www/html/waltersbay/system/library/image.php on line 66
2015-11-20 6:18:00 - PHP Warning:  imagepng(): Unable to open '/var/www/html/waltersbay/image/cache/catalog/category_1-350x200.png' for writing: Permission denied in /var/www/html/waltersbay/system/library/image.php on line 66
2015-11-20 6:18:00 - PHP Warning:  imagepng(): Unable to open '/var/www/html/waltersbay/image/cache/catalog/tea_test4-350x200.png' for writing: Permission denied in /var/www/html/waltersbay/system/library/image.php on line 66
2015-11-20 6:18:00 - PHP Warning:  imagepng(): Unable to open '/var/www/html/waltersbay/image/cache/catalog/tea_test5-350x200.png' for writing: Permission denied in /var/www/html/waltersbay/system/library/image.php on line 66
2015-11-20 6:18:00 - PHP Warning:  imagepng(): Unable to open '/var/www/html/waltersbay/image/cache/catalog/tea_test3-350x200.png' for writing: Permission denied in /var/www/html/waltersbay/system/library/image.php on line 66
2015-11-20 6:18:00 - PHP Warning:  imagepng(): Unable to open '/var/www/html/waltersbay/image/cache/catalog/category_1-200x300.png' for writing: Permission denied in /var/www/html/waltersbay/system/library/image.php on line 66
2015-11-20 6:18:00 - PHP Warning:  imagepng(): Unable to open '/var/www/html/waltersbay/image/cache/catalog/tea_test4-200x300.png' for writing: Permission denied in /var/www/html/waltersbay/system/library/image.php on line 66
2015-11-20 6:21:12 - PHP Warning:  imagepng(): Unable to open '/var/www/html/waltersbay/image/cache/catalog/banner_2-800x380.png' for writing: Permission denied in /var/www/html/waltersbay/system/library/image.php on line 66
2015-11-20 6:21:12 - PHP Warning:  imagepng(): Unable to open '/var/www/html/waltersbay/image/cache/catalog/banner_1-800x380.png' for writing: Permission denied in /var/www/html/waltersbay/system/library/image.php on line 66
2015-11-20 6:21:12 - PHP Warning:  imagepng(): Unable to open '/var/www/html/waltersbay/image/cache/catalog/category_1-350x200.png' for writing: Permission denied in /var/www/html/waltersbay/system/library/image.php on line 66
2015-11-20 6:21:12 - PHP Warning:  imagepng(): Unable to open '/var/www/html/waltersbay/image/cache/catalog/tea_test4-350x200.png' for writing: Permission denied in /var/www/html/waltersbay/system/library/image.php on line 66
2015-11-20 6:21:12 - PHP Warning:  imagepng(): Unable to open '/var/www/html/waltersbay/image/cache/catalog/tea_test5-350x200.png' for writing: Permission denied in /var/www/html/waltersbay/system/library/image.php on line 66
2015-11-20 6:21:12 - PHP Warning:  imagepng(): Unable to open '/var/www/html/waltersbay/image/cache/catalog/tea_test3-350x200.png' for writing: Permission denied in /var/www/html/waltersbay/system/library/image.php on line 66
2015-11-20 6:21:12 - PHP Warning:  imagepng(): Unable to open '/var/www/html/waltersbay/image/cache/catalog/category_1-200x300.png' for writing: Permission denied in /var/www/html/waltersbay/system/library/image.php on line 66
2015-11-20 6:21:12 - PHP Warning:  imagepng(): Unable to open '/var/www/html/waltersbay/image/cache/catalog/tea_test4-200x300.png' for writing: Permission denied in /var/www/html/waltersbay/system/library/image.php on line 66
2015-11-20 6:21:21 - PHP Warning:  imagepng(): Unable to open '/var/www/html/waltersbay/image/cache/catalog/banner_2-800x380.png' for writing: Permission denied in /var/www/html/waltersbay/system/library/image.php on line 66
2015-11-20 6:21:22 - PHP Warning:  imagepng(): Unable to open '/var/www/html/waltersbay/image/cache/catalog/banner_1-800x380.png' for writing: Permission denied in /var/www/html/waltersbay/system/library/image.php on line 66
2015-11-20 6:21:22 - PHP Warning:  imagepng(): Unable to open '/var/www/html/waltersbay/image/cache/catalog/category_1-350x200.png' for writing: Permission denied in /var/www/html/waltersbay/system/library/image.php on line 66
2015-11-20 6:21:22 - PHP Warning:  imagepng(): Unable to open '/var/www/html/waltersbay/image/cache/catalog/tea_test4-350x200.png' for writing: Permission denied in /var/www/html/waltersbay/system/library/image.php on line 66
2015-11-20 6:21:22 - PHP Warning:  imagepng(): Unable to open '/var/www/html/waltersbay/image/cache/catalog/tea_test5-350x200.png' for writing: Permission denied in /var/www/html/waltersbay/system/library/image.php on line 66
2015-11-20 6:21:22 - PHP Warning:  imagepng(): Unable to open '/var/www/html/waltersbay/image/cache/catalog/tea_test3-350x200.png' for writing: Permission denied in /var/www/html/waltersbay/system/library/image.php on line 66
2015-11-20 6:21:22 - PHP Warning:  imagepng(): Unable to open '/var/www/html/waltersbay/image/cache/catalog/category_1-200x300.png' for writing: Permission denied in /var/www/html/waltersbay/system/library/image.php on line 66
2015-11-20 6:21:22 - PHP Warning:  imagepng(): Unable to open '/var/www/html/waltersbay/image/cache/catalog/tea_test4-200x300.png' for writing: Permission denied in /var/www/html/waltersbay/system/library/image.php on line 66
2015-11-20 6:27:29 - PHP Warning:  imagepng(): Unable to open '/var/www/html/waltersbay/image/cache/no_image-100x100.png' for writing: Permission denied in /var/www/html/waltersbay/system/library/image.php on line 66
2015-11-20 6:27:29 - PHP Warning:  imagepng(): Unable to open '/var/www/html/waltersbay/image/cache/no_image-100x100.png' for writing: Permission denied in /var/www/html/waltersbay/system/library/image.php on line 66
2015-11-20 6:27:29 - PHP Warning:  imagepng(): Unable to open '/var/www/html/waltersbay/image/cache/catalog/logo-100x100.png' for writing: Permission denied in /var/www/html/waltersbay/system/library/image.php on line 66
2015-11-20 6:27:29 - PHP Warning:  imagepng(): Unable to open '/var/www/html/waltersbay/image/cache/catalog/cart-100x100.png' for writing: Permission denied in /var/www/html/waltersbay/system/library/image.php on line 66
2015-11-20 6:27:41 - PHP Warning:  imagejpeg(): Unable to open '/var/www/html/waltersbay/image/cache/catalog/demo/apple_cinema_30-40x40.jpg' for writing: Permission denied in /var/www/html/waltersbay/system/library/image.php on line 64
2015-11-20 6:27:41 - PHP Warning:  imagepng(): Unable to open '/var/www/html/waltersbay/image/cache/catalog/tea_test4-40x40.png' for writing: Permission denied in /var/www/html/waltersbay/system/library/image.php on line 66
2015-11-20 6:27:41 - PHP Warning:  imagepng(): Unable to open '/var/www/html/waltersbay/image/cache/catalog/tea_test5-40x40.png' for writing: Permission denied in /var/www/html/waltersbay/system/library/image.php on line 66
2015-11-20 6:27:41 - PHP Warning:  imagejpeg(): Unable to open '/var/www/html/waltersbay/image/cache/catalog/demo/canon_eos_5d_1-40x40.jpg' for writing: Permission denied in /var/www/html/waltersbay/system/library/image.php on line 64
2015-11-20 6:27:41 - PHP Warning:  imagepng(): Unable to open '/var/www/html/waltersbay/image/cache/catalog/category_1-40x40.png' for writing: Permission denied in /var/www/html/waltersbay/system/library/image.php on line 66
2015-11-20 6:27:41 - PHP Warning:  imagejpeg(): Unable to open '/var/www/html/waltersbay/image/cache/catalog/demo/hp_1-40x40.jpg' for writing: Permission denied in /var/www/html/waltersbay/system/library/image.php on line 64
2015-11-20 6:27:41 - PHP Warning:  imagejpeg(): Unable to open '/var/www/html/waltersbay/image/cache/catalog/demo/htc_touch_hd_1-40x40.jpg' for writing: Permission denied in /var/www/html/waltersbay/system/library/image.php on line 64
2015-11-20 6:27:41 - PHP Warning:  imagejpeg(): Unable to open '/var/www/html/waltersbay/image/cache/catalog/demo/imac_1-40x40.jpg' for writing: Permission denied in /var/www/html/waltersbay/system/library/image.php on line 64
2015-11-20 6:27:41 - PHP Warning:  imagejpeg(): Unable to open '/var/www/html/waltersbay/image/cache/catalog/demo/iphone_1-40x40.jpg' for writing: Permission denied in /var/www/html/waltersbay/system/library/image.php on line 64
2015-11-20 6:27:41 - PHP Warning:  imagejpeg(): Unable to open '/var/www/html/waltersbay/image/cache/catalog/demo/ipod_classic_1-40x40.jpg' for writing: Permission denied in /var/www/html/waltersbay/system/library/image.php on line 64
2015-11-20 6:27:42 - PHP Warning:  imagejpeg(): Unable to open '/var/www/html/waltersbay/image/cache/catalog/demo/ipod_nano_1-40x40.jpg' for writing: Permission denied in /var/www/html/waltersbay/system/library/image.php on line 64
2015-11-20 6:27:42 - PHP Warning:  imagejpeg(): Unable to open '/var/www/html/waltersbay/image/cache/catalog/demo/ipod_shuffle_1-40x40.jpg' for writing: Permission denied in /var/www/html/waltersbay/system/library/image.php on line 64
2015-11-20 6:27:42 - PHP Warning:  imagejpeg(): Unable to open '/var/www/html/waltersbay/image/cache/catalog/demo/ipod_touch_1-40x40.jpg' for writing: Permission denied in /var/www/html/waltersbay/system/library/image.php on line 64
2015-11-20 6:27:42 - PHP Warning:  imagejpeg(): Unable to open '/var/www/html/waltersbay/image/cache/catalog/demo/macbook_1-40x40.jpg' for writing: Permission denied in /var/www/html/waltersbay/system/library/image.php on line 64
2015-11-20 6:27:42 - PHP Warning:  imagejpeg(): Unable to open '/var/www/html/waltersbay/image/cache/catalog/demo/macbook_air_1-40x40.jpg' for writing: Permission denied in /var/www/html/waltersbay/system/library/image.php on line 64
2015-11-20 6:27:42 - PHP Warning:  imagejpeg(): Unable to open '/var/www/html/waltersbay/image/cache/catalog/demo/macbook_pro_1-40x40.jpg' for writing: Permission denied in /var/www/html/waltersbay/system/library/image.php on line 64
2015-11-20 6:27:42 - PHP Warning:  imagejpeg(): Unable to open '/var/www/html/waltersbay/image/cache/catalog/demo/nikon_d300_1-40x40.jpg' for writing: Permission denied in /var/www/html/waltersbay/system/library/image.php on line 64
2015-11-20 6:27:42 - PHP Warning:  imagejpeg(): Unable to open '/var/www/html/waltersbay/image/cache/catalog/demo/palm_treo_pro_1-40x40.jpg' for writing: Permission denied in /var/www/html/waltersbay/system/library/image.php on line 64
2015-11-20 6:27:42 - PHP Warning:  imagepng(): Unable to open '/var/www/html/waltersbay/image/cache/no_image-40x40.png' for writing: Permission denied in /var/www/html/waltersbay/system/library/image.php on line 66
2015-11-20 6:27:42 - PHP Warning:  imagepng(): Unable to open '/var/www/html/waltersbay/image/cache/catalog/tea_test3-40x40.png' for writing: Permission denied in /var/www/html/waltersbay/system/library/image.php on line 66
2015-11-20 6:27:42 - PHP Warning:  imagejpeg(): Unable to open '/var/www/html/waltersbay/image/cache/catalog/demo/apple_cinema_30-40x40.jpg' for writing: Permission denied in /var/www/html/waltersbay/system/library/image.php on line 64
2015-11-20 6:27:42 - PHP Warning:  imagepng(): Unable to open '/var/www/html/waltersbay/image/cache/catalog/tea_test4-40x40.png' for writing: Permission denied in /var/www/html/waltersbay/system/library/image.php on line 66
2015-11-20 6:27:42 - PHP Warning:  imagepng(): Unable to open '/var/www/html/waltersbay/image/cache/catalog/tea_test5-40x40.png' for writing: Permission denied in /var/www/html/waltersbay/system/library/image.php on line 66
2015-11-20 6:27:42 - PHP Warning:  imagejpeg(): Unable to open '/var/www/html/waltersbay/image/cache/catalog/demo/canon_eos_5d_1-40x40.jpg' for writing: Permission denied in /var/www/html/waltersbay/system/library/image.php on line 64
2015-11-20 6:27:42 - PHP Warning:  imagepng(): Unable to open '/var/www/html/waltersbay/image/cache/catalog/category_1-40x40.png' for writing: Permission denied in /var/www/html/waltersbay/system/library/image.php on line 66
2015-11-20 6:27:42 - PHP Warning:  imagejpeg(): Unable to open '/var/www/html/waltersbay/image/cache/catalog/demo/hp_1-40x40.jpg' for writing: Permission denied in /var/www/html/waltersbay/system/library/image.php on line 64
2015-11-20 6:27:42 - PHP Warning:  imagejpeg(): Unable to open '/var/www/html/waltersbay/image/cache/catalog/demo/htc_touch_hd_1-40x40.jpg' for writing: Permission denied in /var/www/html/waltersbay/system/library/image.php on line 64
2015-11-20 6:27:42 - PHP Warning:  imagejpeg(): Unable to open '/var/www/html/waltersbay/image/cache/catalog/demo/imac_1-40x40.jpg' for writing: Permission denied in /var/www/html/waltersbay/system/library/image.php on line 64
2015-11-20 6:27:42 - PHP Warning:  imagejpeg(): Unable to open '/var/www/html/waltersbay/image/cache/catalog/demo/iphone_1-40x40.jpg' for writing: Permission denied in /var/www/html/waltersbay/system/library/image.php on line 64
2015-11-20 6:27:42 - PHP Warning:  imagejpeg(): Unable to open '/var/www/html/waltersbay/image/cache/catalog/demo/ipod_classic_1-40x40.jpg' for writing: Permission denied in /var/www/html/waltersbay/system/library/image.php on line 64
2015-11-20 6:27:42 - PHP Warning:  imagejpeg(): Unable to open '/var/www/html/waltersbay/image/cache/catalog/demo/ipod_nano_1-40x40.jpg' for writing: Permission denied in /var/www/html/waltersbay/system/library/image.php on line 64
2015-11-20 6:27:42 - PHP Warning:  imagejpeg(): Unable to open '/var/www/html/waltersbay/image/cache/catalog/demo/ipod_shuffle_1-40x40.jpg' for writing: Permission denied in /var/www/html/waltersbay/system/library/image.php on line 64
2015-11-20 6:27:42 - PHP Warning:  imagejpeg(): Unable to open '/var/www/html/waltersbay/image/cache/catalog/demo/ipod_touch_1-40x40.jpg' for writing: Permission denied in /var/www/html/waltersbay/system/library/image.php on line 64
2015-11-20 6:27:42 - PHP Warning:  imagejpeg(): Unable to open '/var/www/html/waltersbay/image/cache/catalog/demo/macbook_1-40x40.jpg' for writing: Permission denied in /var/www/html/waltersbay/system/library/image.php on line 64
2015-11-20 6:27:42 - PHP Warning:  imagejpeg(): Unable to open '/var/www/html/waltersbay/image/cache/catalog/demo/macbook_air_1-40x40.jpg' for writing: Permission denied in /var/www/html/waltersbay/system/library/image.php on line 64
2015-11-20 6:27:42 - PHP Warning:  imagejpeg(): Unable to open '/var/www/html/waltersbay/image/cache/catalog/demo/macbook_pro_1-40x40.jpg' for writing: Permission denied in /var/www/html/waltersbay/system/library/image.php on line 64
2015-11-20 6:27:42 - PHP Warning:  imagejpeg(): Unable to open '/var/www/html/waltersbay/image/cache/catalog/demo/nikon_d300_1-40x40.jpg' for writing: Permission denied in /var/www/html/waltersbay/system/library/image.php on line 64
2015-11-20 6:27:42 - PHP Warning:  imagejpeg(): Unable to open '/var/www/html/waltersbay/image/cache/catalog/demo/palm_treo_pro_1-40x40.jpg' for writing: Permission denied in /var/www/html/waltersbay/system/library/image.php on line 64
2015-11-20 6:27:42 - PHP Warning:  imagepng(): Unable to open '/var/www/html/waltersbay/image/cache/no_image-40x40.png' for writing: Permission denied in /var/www/html/waltersbay/system/library/image.php on line 66
2015-11-20 6:27:42 - PHP Warning:  imagepng(): Unable to open '/var/www/html/waltersbay/image/cache/catalog/tea_test3-40x40.png' for writing: Permission denied in /var/www/html/waltersbay/system/library/image.php on line 66
2015-11-20 6:28:11 - PHP Warning:  imagepng(): Unable to open '/var/www/html/waltersbay/image/cache/catalog/tea_test4-100x100.png' for writing: Permission denied in /var/www/html/waltersbay/system/library/image.php on line 66
2015-11-20 6:28:11 - PHP Warning:  imagepng(): Unable to open '/var/www/html/waltersbay/image/cache/no_image-100x100.png' for writing: Permission denied in /var/www/html/waltersbay/system/library/image.php on line 66
2015-11-20 6:28:19 - PHP Warning:  imagepng(): Unable to open '/var/www/html/waltersbay/image/cache/catalog/Tea-test6-100x100.png' for writing: Permission denied in /var/www/html/waltersbay/system/library/image.php on line 66
2015-11-20 6:28:19 - PHP Warning:  imagepng(): Unable to open '/var/www/html/waltersbay/image/cache/catalog/banner_1-100x100.png' for writing: Permission denied in /var/www/html/waltersbay/system/library/image.php on line 66
2015-11-20 6:28:19 - PHP Warning:  imagepng(): Unable to open '/var/www/html/waltersbay/image/cache/catalog/banner_2-100x100.png' for writing: Permission denied in /var/www/html/waltersbay/system/library/image.php on line 66
2015-11-20 6:28:19 - PHP Warning:  imagepng(): Unable to open '/var/www/html/waltersbay/image/cache/catalog/black-tea1-100x100.png' for writing: Permission denied in /var/www/html/waltersbay/system/library/image.php on line 66
2015-11-20 6:28:19 - PHP Warning:  imagepng(): Unable to open '/var/www/html/waltersbay/image/cache/catalog/cart-100x100.png' for writing: Permission denied in /var/www/html/waltersbay/system/library/image.php on line 66
2015-11-20 6:28:19 - PHP Warning:  imagepng(): Unable to open '/var/www/html/waltersbay/image/cache/catalog/category_1-100x100.png' for writing: Permission denied in /var/www/html/waltersbay/system/library/image.php on line 66
2015-11-20 6:28:19 - PHP Warning:  imagepng(): Unable to open '/var/www/html/waltersbay/image/cache/catalog/green-tea1-100x100.png' for writing: Permission denied in /var/www/html/waltersbay/system/library/image.php on line 66
2015-11-20 6:28:19 - PHP Warning:  imagepng(): Unable to open '/var/www/html/waltersbay/image/cache/catalog/green-tea2-100x100.png' for writing: Permission denied in /var/www/html/waltersbay/system/library/image.php on line 66
2015-11-20 6:28:19 - PHP Warning:  imagepng(): Unable to open '/var/www/html/waltersbay/image/cache/catalog/logo-100x100.png' for writing: Permission denied in /var/www/html/waltersbay/system/library/image.php on line 66
2015-11-20 6:28:19 - PHP Warning:  imagepng(): Unable to open '/var/www/html/waltersbay/image/cache/catalog/tea1-100x100.png' for writing: Permission denied in /var/www/html/waltersbay/system/library/image.php on line 66
2015-11-20 6:28:19 - PHP Warning:  imagepng(): Unable to open '/var/www/html/waltersbay/image/cache/catalog/tea_test1-100x100.png' for writing: Permission denied in /var/www/html/waltersbay/system/library/image.php on line 66
2015-11-20 6:28:19 - PHP Warning:  imagepng(): Unable to open '/var/www/html/waltersbay/image/cache/catalog/tea_test2-100x100.png' for writing: Permission denied in /var/www/html/waltersbay/system/library/image.php on line 66
2015-11-20 6:28:19 - PHP Warning:  imagepng(): Unable to open '/var/www/html/waltersbay/image/cache/catalog/tea_test3-100x100.png' for writing: Permission denied in /var/www/html/waltersbay/system/library/image.php on line 66
2015-11-20 6:28:19 - PHP Warning:  imagepng(): Unable to open '/var/www/html/waltersbay/image/cache/catalog/tea_test4-100x100.png' for writing: Permission denied in /var/www/html/waltersbay/system/library/image.php on line 66
2015-11-20 6:28:19 - PHP Warning:  imagepng(): Unable to open '/var/www/html/waltersbay/image/cache/catalog/tea_test5-100x100.png' for writing: Permission denied in /var/www/html/waltersbay/system/library/image.php on line 66
2015-11-20 6:28:39 - PHP Warning:  imagejpeg(): Unable to open '/var/www/html/waltersbay/image/cache/catalog/demo/apple_cinema_30-40x40.jpg' for writing: Permission denied in /var/www/html/waltersbay/system/library/image.php on line 64
2015-11-20 6:28:39 - PHP Warning:  imagepng(): Unable to open '/var/www/html/waltersbay/image/cache/catalog/tea_test4-40x40.png' for writing: Permission denied in /var/www/html/waltersbay/system/library/image.php on line 66
2015-11-20 6:28:39 - PHP Warning:  imagepng(): Unable to open '/var/www/html/waltersbay/image/cache/catalog/tea_test5-40x40.png' for writing: Permission denied in /var/www/html/waltersbay/system/library/image.php on line 66
2015-11-20 6:28:39 - PHP Warning:  imagejpeg(): Unable to open '/var/www/html/waltersbay/image/cache/catalog/demo/canon_eos_5d_1-40x40.jpg' for writing: Permission denied in /var/www/html/waltersbay/system/library/image.php on line 64
2015-11-20 6:28:39 - PHP Warning:  imagepng(): Unable to open '/var/www/html/waltersbay/image/cache/catalog/category_1-40x40.png' for writing: Permission denied in /var/www/html/waltersbay/system/library/image.php on line 66
2015-11-20 6:28:39 - PHP Warning:  imagejpeg(): Unable to open '/var/www/html/waltersbay/image/cache/catalog/demo/hp_1-40x40.jpg' for writing: Permission denied in /var/www/html/waltersbay/system/library/image.php on line 64
2015-11-20 6:28:39 - PHP Warning:  imagejpeg(): Unable to open '/var/www/html/waltersbay/image/cache/catalog/demo/htc_touch_hd_1-40x40.jpg' for writing: Permission denied in /var/www/html/waltersbay/system/library/image.php on line 64
2015-11-20 6:28:39 - PHP Warning:  imagejpeg(): Unable to open '/var/www/html/waltersbay/image/cache/catalog/demo/imac_1-40x40.jpg' for writing: Permission denied in /var/www/html/waltersbay/system/library/image.php on line 64
2015-11-20 6:28:39 - PHP Warning:  imagejpeg(): Unable to open '/var/www/html/waltersbay/image/cache/catalog/demo/iphone_1-40x40.jpg' for writing: Permission denied in /var/www/html/waltersbay/system/library/image.php on line 64
2015-11-20 6:28:39 - PHP Warning:  imagejpeg(): Unable to open '/var/www/html/waltersbay/image/cache/catalog/demo/ipod_classic_1-40x40.jpg' for writing: Permission denied in /var/www/html/waltersbay/system/library/image.php on line 64
2015-11-20 6:28:39 - PHP Warning:  imagejpeg(): Unable to open '/var/www/html/waltersbay/image/cache/catalog/demo/ipod_nano_1-40x40.jpg' for writing: Permission denied in /var/www/html/waltersbay/system/library/image.php on line 64
2015-11-20 6:28:39 - PHP Warning:  imagejpeg(): Unable to open '/var/www/html/waltersbay/image/cache/catalog/demo/ipod_shuffle_1-40x40.jpg' for writing: Permission denied in /var/www/html/waltersbay/system/library/image.php on line 64
2015-11-20 6:28:39 - PHP Warning:  imagejpeg(): Unable to open '/var/www/html/waltersbay/image/cache/catalog/demo/ipod_touch_1-40x40.jpg' for writing: Permission denied in /var/www/html/waltersbay/system/library/image.php on line 64
2015-11-20 6:28:39 - PHP Warning:  imagejpeg(): Unable to open '/var/www/html/waltersbay/image/cache/catalog/demo/macbook_1-40x40.jpg' for writing: Permission denied in /var/www/html/waltersbay/system/library/image.php on line 64
2015-11-20 6:28:39 - PHP Warning:  imagejpeg(): Unable to open '/var/www/html/waltersbay/image/cache/catalog/demo/macbook_air_1-40x40.jpg' for writing: Permission denied in /var/www/html/waltersbay/system/library/image.php on line 64
2015-11-20 6:28:39 - PHP Warning:  imagejpeg(): Unable to open '/var/www/html/waltersbay/image/cache/catalog/demo/macbook_pro_1-40x40.jpg' for writing: Permission denied in /var/www/html/waltersbay/system/library/image.php on line 64
2015-11-20 6:28:39 - PHP Warning:  imagejpeg(): Unable to open '/var/www/html/waltersbay/image/cache/catalog/demo/nikon_d300_1-40x40.jpg' for writing: Permission denied in /var/www/html/waltersbay/system/library/image.php on line 64
2015-11-20 6:28:39 - PHP Warning:  imagejpeg(): Unable to open '/var/www/html/waltersbay/image/cache/catalog/demo/palm_treo_pro_1-40x40.jpg' for writing: Permission denied in /var/www/html/waltersbay/system/library/image.php on line 64
2015-11-20 6:28:39 - PHP Warning:  imagepng(): Unable to open '/var/www/html/waltersbay/image/cache/no_image-40x40.png' for writing: Permission denied in /var/www/html/waltersbay/system/library/image.php on line 66
2015-11-20 6:28:39 - PHP Warning:  imagepng(): Unable to open '/var/www/html/waltersbay/image/cache/catalog/tea_test3-40x40.png' for writing: Permission denied in /var/www/html/waltersbay/system/library/image.php on line 66
2015-11-20 6:28:39 - PHP Warning:  imagejpeg(): Unable to open '/var/www/html/waltersbay/image/cache/catalog/demo/apple_cinema_30-40x40.jpg' for writing: Permission denied in /var/www/html/waltersbay/system/library/image.php on line 64
2015-11-20 6:28:39 - PHP Warning:  imagepng(): Unable to open '/var/www/html/waltersbay/image/cache/catalog/tea_test4-40x40.png' for writing: Permission denied in /var/www/html/waltersbay/system/library/image.php on line 66
2015-11-20 6:28:39 - PHP Warning:  imagepng(): Unable to open '/var/www/html/waltersbay/image/cache/catalog/tea_test5-40x40.png' for writing: Permission denied in /var/www/html/waltersbay/system/library/image.php on line 66
2015-11-20 6:28:39 - PHP Warning:  imagejpeg(): Unable to open '/var/www/html/waltersbay/image/cache/catalog/demo/canon_eos_5d_1-40x40.jpg' for writing: Permission denied in /var/www/html/waltersbay/system/library/image.php on line 64
2015-11-20 6:28:39 - PHP Warning:  imagepng(): Unable to open '/var/www/html/waltersbay/image/cache/catalog/category_1-40x40.png' for writing: Permission denied in /var/www/html/waltersbay/system/library/image.php on line 66
2015-11-20 6:28:40 - PHP Warning:  imagejpeg(): Unable to open '/var/www/html/waltersbay/image/cache/catalog/demo/hp_1-40x40.jpg' for writing: Permission denied in /var/www/html/waltersbay/system/library/image.php on line 64
2015-11-20 6:28:40 - PHP Warning:  imagejpeg(): Unable to open '/var/www/html/waltersbay/image/cache/catalog/demo/htc_touch_hd_1-40x40.jpg' for writing: Permission denied in /var/www/html/waltersbay/system/library/image.php on line 64
2015-11-20 6:28:40 - PHP Warning:  imagejpeg(): Unable to open '/var/www/html/waltersbay/image/cache/catalog/demo/imac_1-40x40.jpg' for writing: Permission denied in /var/www/html/waltersbay/system/library/image.php on line 64
2015-11-20 6:28:40 - PHP Warning:  imagejpeg(): Unable to open '/var/www/html/waltersbay/image/cache/catalog/demo/iphone_1-40x40.jpg' for writing: Permission denied in /var/www/html/waltersbay/system/library/image.php on line 64
2015-11-20 6:28:40 - PHP Warning:  imagejpeg(): Unable to open '/var/www/html/waltersbay/image/cache/catalog/demo/ipod_classic_1-40x40.jpg' for writing: Permission denied in /var/www/html/waltersbay/system/library/image.php on line 64
2015-11-20 6:28:40 - PHP Warning:  imagejpeg(): Unable to open '/var/www/html/waltersbay/image/cache/catalog/demo/ipod_nano_1-40x40.jpg' for writing: Permission denied in /var/www/html/waltersbay/system/library/image.php on line 64
2015-11-20 6:28:40 - PHP Warning:  imagejpeg(): Unable to open '/var/www/html/waltersbay/image/cache/catalog/demo/ipod_shuffle_1-40x40.jpg' for writing: Permission denied in /var/www/html/waltersbay/system/library/image.php on line 64
2015-11-20 6:28:40 - PHP Warning:  imagejpeg(): Unable to open '/var/www/html/waltersbay/image/cache/catalog/demo/ipod_touch_1-40x40.jpg' for writing: Permission denied in /var/www/html/waltersbay/system/library/image.php on line 64
2015-11-20 6:28:40 - PHP Warning:  imagejpeg(): Unable to open '/var/www/html/waltersbay/image/cache/catalog/demo/macbook_1-40x40.jpg' for writing: Permission denied in /var/www/html/waltersbay/system/library/image.php on line 64
2015-11-20 6:28:40 - PHP Warning:  imagejpeg(): Unable to open '/var/www/html/waltersbay/image/cache/catalog/demo/macbook_air_1-40x40.jpg' for writing: Permission denied in /var/www/html/waltersbay/system/library/image.php on line 64
2015-11-20 6:28:40 - PHP Warning:  imagejpeg(): Unable to open '/var/www/html/waltersbay/image/cache/catalog/demo/macbook_pro_1-40x40.jpg' for writing: Permission denied in /var/www/html/waltersbay/system/library/image.php on line 64
2015-11-20 6:28:40 - PHP Warning:  imagejpeg(): Unable to open '/var/www/html/waltersbay/image/cache/catalog/demo/nikon_d300_1-40x40.jpg' for writing: Permission denied in /var/www/html/waltersbay/system/library/image.php on line 64
2015-11-20 6:28:40 - PHP Warning:  imagejpeg(): Unable to open '/var/www/html/waltersbay/image/cache/catalog/demo/palm_treo_pro_1-40x40.jpg' for writing: Permission denied in /var/www/html/waltersbay/system/library/image.php on line 64
2015-11-20 6:28:40 - PHP Warning:  imagepng(): Unable to open '/var/www/html/waltersbay/image/cache/no_image-40x40.png' for writing: Permission denied in /var/www/html/waltersbay/system/library/image.php on line 66
2015-11-20 6:28:40 - PHP Warning:  imagepng(): Unable to open '/var/www/html/waltersbay/image/cache/catalog/tea_test3-40x40.png' for writing: Permission denied in /var/www/html/waltersbay/system/library/image.php on line 66
2015-11-20 6:29:17 - PHP Warning:  imagejpeg(): Unable to open '/var/www/html/waltersbay/image/cache/catalog/demo/apple_cinema_30-40x40.jpg' for writing: Permission denied in /var/www/html/waltersbay/system/library/image.php on line 64
2015-11-20 6:29:17 - PHP Warning:  imagepng(): Unable to open '/var/www/html/waltersbay/image/cache/catalog/tea_test4-40x40.png' for writing: Permission denied in /var/www/html/waltersbay/system/library/image.php on line 66
2015-11-20 6:29:17 - PHP Warning:  imagepng(): Unable to open '/var/www/html/waltersbay/image/cache/catalog/tea_test5-40x40.png' for writing: Permission denied in /var/www/html/waltersbay/system/library/image.php on line 66
2015-11-20 6:29:17 - PHP Warning:  imagejpeg(): Unable to open '/var/www/html/waltersbay/image/cache/catalog/demo/canon_eos_5d_1-40x40.jpg' for writing: Permission denied in /var/www/html/waltersbay/system/library/image.php on line 64
2015-11-20 6:29:17 - PHP Warning:  imagepng(): Unable to open '/var/www/html/waltersbay/image/cache/catalog/category_1-40x40.png' for writing: Permission denied in /var/www/html/waltersbay/system/library/image.php on line 66
2015-11-20 6:29:17 - PHP Warning:  imagejpeg(): Unable to open '/var/www/html/waltersbay/image/cache/catalog/demo/hp_1-40x40.jpg' for writing: Permission denied in /var/www/html/waltersbay/system/library/image.php on line 64
2015-11-20 6:29:17 - PHP Warning:  imagejpeg(): Unable to open '/var/www/html/waltersbay/image/cache/catalog/demo/htc_touch_hd_1-40x40.jpg' for writing: Permission denied in /var/www/html/waltersbay/system/library/image.php on line 64
2015-11-20 6:29:17 - PHP Warning:  imagejpeg(): Unable to open '/var/www/html/waltersbay/image/cache/catalog/demo/imac_1-40x40.jpg' for writing: Permission denied in /var/www/html/waltersbay/system/library/image.php on line 64
2015-11-20 6:29:17 - PHP Warning:  imagejpeg(): Unable to open '/var/www/html/waltersbay/image/cache/catalog/demo/iphone_1-40x40.jpg' for writing: Permission denied in /var/www/html/waltersbay/system/library/image.php on line 64
2015-11-20 6:29:17 - PHP Warning:  imagejpeg(): Unable to open '/var/www/html/waltersbay/image/cache/catalog/demo/ipod_classic_1-40x40.jpg' for writing: Permission denied in /var/www/html/waltersbay/system/library/image.php on line 64
2015-11-20 6:29:17 - PHP Warning:  imagejpeg(): Unable to open '/var/www/html/waltersbay/image/cache/catalog/demo/ipod_nano_1-40x40.jpg' for writing: Permission denied in /var/www/html/waltersbay/system/library/image.php on line 64
2015-11-20 6:29:17 - PHP Warning:  imagejpeg(): Unable to open '/var/www/html/waltersbay/image/cache/catalog/demo/ipod_shuffle_1-40x40.jpg' for writing: Permission denied in /var/www/html/waltersbay/system/library/image.php on line 64
2015-11-20 6:29:17 - PHP Warning:  imagejpeg(): Unable to open '/var/www/html/waltersbay/image/cache/catalog/demo/ipod_touch_1-40x40.jpg' for writing: Permission denied in /var/www/html/waltersbay/system/library/image.php on line 64
2015-11-20 6:29:17 - PHP Warning:  imagejpeg(): Unable to open '/var/www/html/waltersbay/image/cache/catalog/demo/macbook_1-40x40.jpg' for writing: Permission denied in /var/www/html/waltersbay/system/library/image.php on line 64
2015-11-20 6:29:17 - PHP Warning:  imagejpeg(): Unable to open '/var/www/html/waltersbay/image/cache/catalog/demo/macbook_air_1-40x40.jpg' for writing: Permission denied in /var/www/html/waltersbay/system/library/image.php on line 64
2015-11-20 6:29:17 - PHP Warning:  imagejpeg(): Unable to open '/var/www/html/waltersbay/image/cache/catalog/demo/macbook_pro_1-40x40.jpg' for writing: Permission denied in /var/www/html/waltersbay/system/library/image.php on line 64
2015-11-20 6:29:17 - PHP Warning:  imagejpeg(): Unable to open '/var/www/html/waltersbay/image/cache/catalog/demo/nikon_d300_1-40x40.jpg' for writing: Permission denied in /var/www/html/waltersbay/system/library/image.php on line 64
2015-11-20 6:29:17 - PHP Warning:  imagejpeg(): Unable to open '/var/www/html/waltersbay/image/cache/catalog/demo/palm_treo_pro_1-40x40.jpg' for writing: Permission denied in /var/www/html/waltersbay/system/library/image.php on line 64
2015-11-20 6:29:17 - PHP Warning:  imagepng(): Unable to open '/var/www/html/waltersbay/image/cache/no_image-40x40.png' for writing: Permission denied in /var/www/html/waltersbay/system/library/image.php on line 66
2015-11-20 6:29:17 - PHP Warning:  imagepng(): Unable to open '/var/www/html/waltersbay/image/cache/catalog/tea_test3-40x40.png' for writing: Permission denied in /var/www/html/waltersbay/system/library/image.php on line 66
2015-11-20 6:29:21 - PHP Warning:  imagepng(): Unable to open '/var/www/html/waltersbay/image/cache/catalog/banner_2-800x380.png' for writing: Permission denied in /var/www/html/waltersbay/system/library/image.php on line 66
2015-11-20 6:29:21 - PHP Warning:  imagepng(): Unable to open '/var/www/html/waltersbay/image/cache/catalog/banner_1-800x380.png' for writing: Permission denied in /var/www/html/waltersbay/system/library/image.php on line 66
2015-11-20 6:29:21 - PHP Warning:  imagepng(): Unable to open '/var/www/html/waltersbay/image/cache/catalog/category_1-350x200.png' for writing: Permission denied in /var/www/html/waltersbay/system/library/image.php on line 66
2015-11-20 6:29:21 - PHP Warning:  imagepng(): Unable to open '/var/www/html/waltersbay/image/cache/catalog/tea_test4-350x200.png' for writing: Permission denied in /var/www/html/waltersbay/system/library/image.php on line 66
2015-11-20 6:29:21 - PHP Warning:  imagepng(): Unable to open '/var/www/html/waltersbay/image/cache/catalog/tea_test5-350x200.png' for writing: Permission denied in /var/www/html/waltersbay/system/library/image.php on line 66
2015-11-20 6:29:21 - PHP Warning:  imagepng(): Unable to open '/var/www/html/waltersbay/image/cache/catalog/tea_test3-350x200.png' for writing: Permission denied in /var/www/html/waltersbay/system/library/image.php on line 66
2015-11-20 6:29:21 - PHP Warning:  imagepng(): Unable to open '/var/www/html/waltersbay/image/cache/catalog/category_1-200x300.png' for writing: Permission denied in /var/www/html/waltersbay/system/library/image.php on line 66
2015-11-20 6:29:21 - PHP Warning:  imagepng(): Unable to open '/var/www/html/waltersbay/image/cache/catalog/tea_test4-200x300.png' for writing: Permission denied in /var/www/html/waltersbay/system/library/image.php on line 66
2015-11-20 6:33:43 - PHP Notice:  Undefined variable: entry_export in /var/www/html/waltersbay/admin/view/template/tool/backup.tpl on line 43
2015-11-20 6:33:59 - PHP Notice:  Undefined variable: entry_export in /var/www/html/waltersbay/admin/view/template/tool/backup.tpl on line 43
2015-11-20 6:34:25 - PHP Notice:  Undefined variable: entry_export in /var/www/html/waltersbay/admin/view/template/tool/backup.tpl on line 43
2015-11-20 6:35:39 - PHP Warning:  imagepng(): Unable to open '/var/www/html/waltersbay/image/cache/catalog/banner_2-800x380.png' for writing: Permission denied in /var/www/html/waltersbay/system/library/image.php on line 66
2015-11-20 6:35:39 - PHP Warning:  imagepng(): Unable to open '/var/www/html/waltersbay/image/cache/catalog/banner_1-800x380.png' for writing: Permission denied in /var/www/html/waltersbay/system/library/image.php on line 66
2015-11-20 6:35:39 - PHP Warning:  imagepng(): Unable to open '/var/www/html/waltersbay/image/cache/catalog/category_1-350x200.png' for writing: Permission denied in /var/www/html/waltersbay/system/library/image.php on line 66
2015-11-20 6:35:39 - PHP Warning:  imagepng(): Unable to open '/var/www/html/waltersbay/image/cache/catalog/tea_test4-350x200.png' for writing: Permission denied in /var/www/html/waltersbay/system/library/image.php on line 66
2015-11-20 6:35:39 - PHP Warning:  imagepng(): Unable to open '/var/www/html/waltersbay/image/cache/catalog/tea_test5-350x200.png' for writing: Permission denied in /var/www/html/waltersbay/system/library/image.php on line 66
2015-11-20 6:35:39 - PHP Warning:  imagepng(): Unable to open '/var/www/html/waltersbay/image/cache/catalog/tea_test3-350x200.png' for writing: Permission denied in /var/www/html/waltersbay/system/library/image.php on line 66
2015-11-20 6:35:39 - PHP Warning:  imagepng(): Unable to open '/var/www/html/waltersbay/image/cache/catalog/category_1-200x300.png' for writing: Permission denied in /var/www/html/waltersbay/system/library/image.php on line 66
2015-11-20 6:35:39 - PHP Warning:  imagepng(): Unable to open '/var/www/html/waltersbay/image/cache/catalog/tea_test4-200x300.png' for writing: Permission denied in /var/www/html/waltersbay/system/library/image.php on line 66
2015-11-20 6:38:57 - PHP Warning:  imagepng(): Unable to open '/var/www/html/waltersbay/image/cache/catalog/banner_2-800x380.png' for writing: Permission denied in /var/www/html/waltersbay/system/library/image.php on line 66
2015-11-20 6:38:57 - PHP Warning:  imagepng(): Unable to open '/var/www/html/waltersbay/image/cache/catalog/banner_1-800x380.png' for writing: Permission denied in /var/www/html/waltersbay/system/library/image.php on line 66
2015-11-20 6:38:57 - PHP Warning:  imagepng(): Unable to open '/var/www/html/waltersbay/image/cache/catalog/category_1-350x200.png' for writing: Permission denied in /var/www/html/waltersbay/system/library/image.php on line 66
2015-11-20 6:38:57 - PHP Warning:  imagepng(): Unable to open '/var/www/html/waltersbay/image/cache/catalog/tea_test4-350x200.png' for writing: Permission denied in /var/www/html/waltersbay/system/library/image.php on line 66
2015-11-20 6:38:57 - PHP Warning:  imagepng(): Unable to open '/var/www/html/waltersbay/image/cache/catalog/tea_test5-350x200.png' for writing: Permission denied in /var/www/html/waltersbay/system/library/image.php on line 66
2015-11-20 6:38:57 - PHP Warning:  imagepng(): Unable to open '/var/www/html/waltersbay/image/cache/catalog/tea_test3-350x200.png' for writing: Permission denied in /var/www/html/waltersbay/system/library/image.php on line 66
2015-11-20 6:38:57 - PHP Warning:  imagepng(): Unable to open '/var/www/html/waltersbay/image/cache/catalog/category_1-200x300.png' for writing: Permission denied in /var/www/html/waltersbay/system/library/image.php on line 66
2015-11-20 6:38:57 - PHP Warning:  imagepng(): Unable to open '/var/www/html/waltersbay/image/cache/catalog/tea_test4-200x300.png' for writing: Permission denied in /var/www/html/waltersbay/system/library/image.php on line 66
2015-11-20 6:38:59 - PHP Warning:  imagepng(): Unable to open '/var/www/html/waltersbay/image/cache/catalog/banner_2-800x380.png' for writing: Permission denied in /var/www/html/waltersbay/system/library/image.php on line 66
2015-11-20 6:38:59 - PHP Warning:  imagepng(): Unable to open '/var/www/html/waltersbay/image/cache/catalog/banner_1-800x380.png' for writing: Permission denied in /var/www/html/waltersbay/system/library/image.php on line 66
2015-11-20 6:38:59 - PHP Warning:  imagepng(): Unable to open '/var/www/html/waltersbay/image/cache/catalog/category_1-350x200.png' for writing: Permission denied in /var/www/html/waltersbay/system/library/image.php on line 66
2015-11-20 6:38:59 - PHP Warning:  imagepng(): Unable to open '/var/www/html/waltersbay/image/cache/catalog/tea_test4-350x200.png' for writing: Permission denied in /var/www/html/waltersbay/system/library/image.php on line 66
2015-11-20 6:38:59 - PHP Warning:  imagepng(): Unable to open '/var/www/html/waltersbay/image/cache/catalog/tea_test5-350x200.png' for writing: Permission denied in /var/www/html/waltersbay/system/library/image.php on line 66
2015-11-20 6:38:59 - PHP Warning:  imagepng(): Unable to open '/var/www/html/waltersbay/image/cache/catalog/tea_test3-350x200.png' for writing: Permission denied in /var/www/html/waltersbay/system/library/image.php on line 66
2015-11-20 6:38:59 - PHP Warning:  imagepng(): Unable to open '/var/www/html/waltersbay/image/cache/catalog/category_1-200x300.png' for writing: Permission denied in /var/www/html/waltersbay/system/library/image.php on line 66
2015-11-20 6:38:59 - PHP Warning:  imagepng(): Unable to open '/var/www/html/waltersbay/image/cache/catalog/tea_test4-200x300.png' for writing: Permission denied in /var/www/html/waltersbay/system/library/image.php on line 66
2015-11-20 7:01:37 - PHP Warning:  imagepng(): Unable to open '/var/www/html/waltersbay/image/cache/catalog/tea_test4-500x500.png' for writing: Permission denied in /var/www/html/waltersbay/system/library/image.php on line 66
2015-11-20 7:01:37 - PHP Warning:  imagepng(): Unable to open '/var/www/html/waltersbay/image/cache/catalog/tea_test4-228x228.png' for writing: Permission denied in /var/www/html/waltersbay/system/library/image.php on line 66
2015-11-20 7:01:48 - PHP Warning:  imagepng(): Unable to open '/var/www/html/waltersbay/image/cache/catalog/tea_test5-500x500.png' for writing: Permission denied in /var/www/html/waltersbay/system/library/image.php on line 66
2015-11-20 7:01:48 - PHP Warning:  imagepng(): Unable to open '/var/www/html/waltersbay/image/cache/catalog/tea_test5-228x228.png' for writing: Permission denied in /var/www/html/waltersbay/system/library/image.php on line 66
2015-11-20 7:02:48 - PHP Warning:  imagepng(): Unable to open '/var/www/html/waltersbay/image/cache/catalog/tea_test4-500x500.png' for writing: Permission denied in /var/www/html/waltersbay/system/library/image.php on line 66
2015-11-20 7:02:48 - PHP Warning:  imagepng(): Unable to open '/var/www/html/waltersbay/image/cache/catalog/tea_test4-228x228.png' for writing: Permission denied in /var/www/html/waltersbay/system/library/image.php on line 66
2015-11-20 7:03:01 - PHP Warning:  imagepng(): Unable to open '/var/www/html/waltersbay/image/cache/catalog/tea_test4-500x500.png' for writing: Permission denied in /var/www/html/waltersbay/system/library/image.php on line 66
2015-11-20 7:03:01 - PHP Warning:  imagepng(): Unable to open '/var/www/html/waltersbay/image/cache/catalog/tea_test4-228x228.png' for writing: Permission denied in /var/www/html/waltersbay/system/library/image.php on line 66
2015-11-20 7:03:38 - PHP Warning:  imagepng(): Unable to open '/var/www/html/waltersbay/image/cache/catalog/tea_test4-500x500.png' for writing: Permission denied in /var/www/html/waltersbay/system/library/image.php on line 66
2015-11-20 7:03:38 - PHP Warning:  imagepng(): Unable to open '/var/www/html/waltersbay/image/cache/catalog/tea_test4-228x228.png' for writing: Permission denied in /var/www/html/waltersbay/system/library/image.php on line 66
2015-11-20 7:03:47 - PHP Warning:  imagepng(): Unable to open '/var/www/html/waltersbay/image/cache/catalog/tea_test5-500x500.png' for writing: Permission denied in /var/www/html/waltersbay/system/library/image.php on line 66
2015-11-20 7:03:47 - PHP Warning:  imagepng(): Unable to open '/var/www/html/waltersbay/image/cache/catalog/tea_test5-228x228.png' for writing: Permission denied in /var/www/html/waltersbay/system/library/image.php on line 66
2015-11-20 7:05:27 - PHP Warning:  imagepng(): Unable to open '/var/www/html/waltersbay/image/cache/catalog/tea_test1-40x40.png' for writing: Permission denied in /var/www/html/waltersbay/system/library/image.php on line 66
2015-11-20 7:05:30 - PHP Warning:  imagepng(): Unable to open '/var/www/html/waltersbay/image/cache/catalog/tea_test1-350x200.png' for writing: Permission denied in /var/www/html/waltersbay/system/library/image.php on line 66
2015-11-20 7:05:30 - PHP Warning:  imagepng(): Unable to open '/var/www/html/waltersbay/image/cache/catalog/tea_test1-200x300.png' for writing: Permission denied in /var/www/html/waltersbay/system/library/image.php on line 66
2015-11-20 7:05:44 - PHP Warning:  imagepng(): Unable to open '/var/www/html/waltersbay/image/cache/catalog/tea_test3-500x500.png' for writing: Permission denied in /var/www/html/waltersbay/system/library/image.php on line 66
2015-11-20 7:05:44 - PHP Warning:  imagepng(): Unable to open '/var/www/html/waltersbay/image/cache/catalog/tea_test3-228x228.png' for writing: Permission denied in /var/www/html/waltersbay/system/library/image.php on line 66
2015-11-20 7:05:47 - PHP Warning:  imagepng(): Unable to open '/var/www/html/waltersbay/image/cache/catalog/tea_test1-350x200.png' for writing: Permission denied in /var/www/html/waltersbay/system/library/image.php on line 66
2015-11-20 7:05:47 - PHP Warning:  imagepng(): Unable to open '/var/www/html/waltersbay/image/cache/catalog/tea_test1-200x300.png' for writing: Permission denied in /var/www/html/waltersbay/system/library/image.php on line 66
2015-11-20 7:05:49 - PHP Warning:  imagepng(): Unable to open '/var/www/html/waltersbay/image/cache/catalog/tea_test1-500x500.png' for writing: Permission denied in /var/www/html/waltersbay/system/library/image.php on line 66
2015-11-20 7:05:49 - PHP Warning:  imagepng(): Unable to open '/var/www/html/waltersbay/image/cache/catalog/tea_test1-228x228.png' for writing: Permission denied in /var/www/html/waltersbay/system/library/image.php on line 66
2015-11-20 7:05:51 - PHP Warning:  imagepng(): Unable to open '/var/www/html/waltersbay/image/cache/catalog/tea_test1-350x200.png' for writing: Permission denied in /var/www/html/waltersbay/system/library/image.php on line 66
2015-11-20 7:05:51 - PHP Warning:  imagepng(): Unable to open '/var/www/html/waltersbay/image/cache/catalog/tea_test1-200x300.png' for writing: Permission denied in /var/www/html/waltersbay/system/library/image.php on line 66
2015-11-20 7:07:21 - PHP Warning:  imagepng(): Unable to open '/var/www/html/waltersbay/image/cache/catalog/tea_test1-350x200.png' for writing: Permission denied in /var/www/html/waltersbay/system/library/image.php on line 66
2015-11-20 7:07:21 - PHP Warning:  imagejpeg(): Unable to open '/var/www/html/waltersbay/image/cache/catalog/demo/apple_cinema_30-350x200.jpg' for writing: Permission denied in /var/www/html/waltersbay/system/library/image.php on line 64
2015-11-20 7:07:21 - PHP Warning:  imagepng(): Unable to open '/var/www/html/waltersbay/image/cache/catalog/tea_test1-200x300.png' for writing: Permission denied in /var/www/html/waltersbay/system/library/image.php on line 66
2015-11-20 7:07:33 - PHP Warning:  imagepng(): Unable to open '/var/www/html/waltersbay/image/cache/catalog/tea_test1-350x200.png' for writing: Permission denied in /var/www/html/waltersbay/system/library/image.php on line 66
2015-11-20 7:07:33 - PHP Warning:  imagejpeg(): Unable to open '/var/www/html/waltersbay/image/cache/catalog/demo/apple_cinema_30-350x200.jpg' for writing: Permission denied in /var/www/html/waltersbay/system/library/image.php on line 64
2015-11-20 7:07:33 - PHP Warning:  imagepng(): Unable to open '/var/www/html/waltersbay/image/cache/catalog/tea_test1-200x300.png' for writing: Permission denied in /var/www/html/waltersbay/system/library/image.php on line 66
2015-11-20 7:55:57 - PHP Warning:  imagepng(): Unable to open '/var/www/html/waltersbay/image/cache/catalog/tea_test1-350x200.png' for writing: Permission denied in /var/www/html/waltersbay/system/library/image.php on line 66
2015-11-20 7:55:57 - PHP Warning:  imagejpeg(): Unable to open '/var/www/html/waltersbay/image/cache/catalog/demo/apple_cinema_30-350x200.jpg' for writing: Permission denied in /var/www/html/waltersbay/system/library/image.php on line 64
2015-11-20 7:55:57 - PHP Warning:  imagepng(): Unable to open '/var/www/html/waltersbay/image/cache/catalog/tea_test1-200x300.png' for writing: Permission denied in /var/www/html/waltersbay/system/library/image.php on line 66
2015-11-20 7:56:13 - PHP Warning:  imagepng(): Unable to open '/var/www/html/waltersbay/image/cache/catalog/tea_test1-350x200.png' for writing: Permission denied in /var/www/html/waltersbay/system/library/image.php on line 66
2015-11-20 7:56:13 - PHP Warning:  imagejpeg(): Unable to open '/var/www/html/waltersbay/image/cache/catalog/demo/apple_cinema_30-350x200.jpg' for writing: Permission denied in /var/www/html/waltersbay/system/library/image.php on line 64
2015-11-20 7:56:13 - PHP Warning:  imagepng(): Unable to open '/var/www/html/waltersbay/image/cache/catalog/tea_test1-200x300.png' for writing: Permission denied in /var/www/html/waltersbay/system/library/image.php on line 66
2015-11-20 7:56:26 - PHP Warning:  imagepng(): Unable to open '/var/www/html/waltersbay/image/cache/catalog/tea_test1-350x200.png' for writing: Permission denied in /var/www/html/waltersbay/system/library/image.php on line 66
2015-11-20 7:56:26 - PHP Warning:  imagejpeg(): Unable to open '/var/www/html/waltersbay/image/cache/catalog/demo/apple_cinema_30-350x200.jpg' for writing: Permission denied in /var/www/html/waltersbay/system/library/image.php on line 64
2015-11-20 7:56:26 - PHP Warning:  imagepng(): Unable to open '/var/www/html/waltersbay/image/cache/catalog/tea_test1-200x300.png' for writing: Permission denied in /var/www/html/waltersbay/system/library/image.php on line 66
2015-11-20 8:16:06 - PHP Warning:  imagepng(): Unable to open '/var/www/html/waltersbay/image/cache/catalog/tea_test1-350x200.png' for writing: Permission denied in /var/www/html/waltersbay/system/library/image.php on line 66
2015-11-20 8:16:06 - PHP Warning:  imagejpeg(): Unable to open '/var/www/html/waltersbay/image/cache/catalog/demo/apple_cinema_30-350x200.jpg' for writing: Permission denied in /var/www/html/waltersbay/system/library/image.php on line 64
2015-11-20 8:16:06 - PHP Warning:  imagepng(): Unable to open '/var/www/html/waltersbay/image/cache/catalog/tea_test1-200x300.png' for writing: Permission denied in /var/www/html/waltersbay/system/library/image.php on line 66
2015-11-20 8:16:17 - PHP Warning:  imagepng(): Unable to open '/var/www/html/waltersbay/image/cache/catalog/tea_test1-500x500.png' for writing: Permission denied in /var/www/html/waltersbay/system/library/image.php on line 66
2015-11-20 8:16:17 - PHP Warning:  imagepng(): Unable to open '/var/www/html/waltersbay/image/cache/catalog/tea_test1-228x228.png' for writing: Permission denied in /var/www/html/waltersbay/system/library/image.php on line 66
2015-11-20 8:16:21 - PHP Warning:  imagepng(): Unable to open '/var/www/html/waltersbay/image/cache/catalog/tea_test1-350x200.png' for writing: Permission denied in /var/www/html/waltersbay/system/library/image.php on line 66
2015-11-20 8:16:21 - PHP Warning:  imagejpeg(): Unable to open '/var/www/html/waltersbay/image/cache/catalog/demo/apple_cinema_30-350x200.jpg' for writing: Permission denied in /var/www/html/waltersbay/system/library/image.php on line 64
2015-11-20 8:16:21 - PHP Warning:  imagepng(): Unable to open '/var/www/html/waltersbay/image/cache/catalog/tea_test1-200x300.png' for writing: Permission denied in /var/www/html/waltersbay/system/library/image.php on line 66
2015-11-20 8:16:25 - PHP Warning:  imagepng(): Unable to open '/var/www/html/waltersbay/image/cache/catalog/tea_test4-500x500.png' for writing: Permission denied in /var/www/html/waltersbay/system/library/image.php on line 66
2015-11-20 8:16:25 - PHP Warning:  imagepng(): Unable to open '/var/www/html/waltersbay/image/cache/catalog/tea_test4-228x228.png' for writing: Permission denied in /var/www/html/waltersbay/system/library/image.php on line 66
2015-11-20 8:16:29 - PHP Warning:  imagepng(): Unable to open '/var/www/html/waltersbay/image/cache/catalog/tea_test1-350x200.png' for writing: Permission denied in /var/www/html/waltersbay/system/library/image.php on line 66
2015-11-20 8:16:29 - PHP Warning:  imagejpeg(): Unable to open '/var/www/html/waltersbay/image/cache/catalog/demo/apple_cinema_30-350x200.jpg' for writing: Permission denied in /var/www/html/waltersbay/system/library/image.php on line 64
2015-11-20 8:16:29 - PHP Warning:  imagepng(): Unable to open '/var/www/html/waltersbay/image/cache/catalog/tea_test1-200x300.png' for writing: Permission denied in /var/www/html/waltersbay/system/library/image.php on line 66
2015-11-20 8:16:31 - PHP Warning:  imagepng(): Unable to open '/var/www/html/waltersbay/image/cache/catalog/tea_test5-500x500.png' for writing: Permission denied in /var/www/html/waltersbay/system/library/image.php on line 66
2015-11-20 8:16:31 - PHP Warning:  imagepng(): Unable to open '/var/www/html/waltersbay/image/cache/catalog/tea_test5-228x228.png' for writing: Permission denied in /var/www/html/waltersbay/system/library/image.php on line 66
2015-11-20 8:16:34 - PHP Warning:  imagepng(): Unable to open '/var/www/html/waltersbay/image/cache/catalog/tea_test1-350x200.png' for writing: Permission denied in /var/www/html/waltersbay/system/library/image.php on line 66
2015-11-20 8:16:34 - PHP Warning:  imagejpeg(): Unable to open '/var/www/html/waltersbay/image/cache/catalog/demo/apple_cinema_30-350x200.jpg' for writing: Permission denied in /var/www/html/waltersbay/system/library/image.php on line 64
2015-11-20 8:16:34 - PHP Warning:  imagepng(): Unable to open '/var/www/html/waltersbay/image/cache/catalog/tea_test1-200x300.png' for writing: Permission denied in /var/www/html/waltersbay/system/library/image.php on line 66
2015-11-20 8:16:39 - PHP Warning:  imagepng(): Unable to open '/var/www/html/waltersbay/image/cache/catalog/tea_test3-500x500.png' for writing: Permission denied in /var/www/html/waltersbay/system/library/image.php on line 66
2015-11-20 8:16:39 - PHP Warning:  imagepng(): Unable to open '/var/www/html/waltersbay/image/cache/catalog/tea_test3-228x228.png' for writing: Permission denied in /var/www/html/waltersbay/system/library/image.php on line 66
2015-11-20 8:16:42 - PHP Warning:  imagepng(): Unable to open '/var/www/html/waltersbay/image/cache/catalog/tea_test1-350x200.png' for writing: Permission denied in /var/www/html/waltersbay/system/library/image.php on line 66
2015-11-20 8:16:42 - PHP Warning:  imagejpeg(): Unable to open '/var/www/html/waltersbay/image/cache/catalog/demo/apple_cinema_30-350x200.jpg' for writing: Permission denied in /var/www/html/waltersbay/system/library/image.php on line 64
2015-11-20 8:16:42 - PHP Warning:  imagepng(): Unable to open '/var/www/html/waltersbay/image/cache/catalog/tea_test1-200x300.png' for writing: Permission denied in /var/www/html/waltersbay/system/library/image.php on line 66
2015-11-20 8:16:46 - PHP Warning:  imagepng(): Unable to open '/var/www/html/waltersbay/image/cache/catalog/tea_test5-500x500.png' for writing: Permission denied in /var/www/html/waltersbay/system/library/image.php on line 66
2015-11-20 8:16:46 - PHP Warning:  imagepng(): Unable to open '/var/www/html/waltersbay/image/cache/catalog/tea_test5-228x228.png' for writing: Permission denied in /var/www/html/waltersbay/system/library/image.php on line 66
2015-11-20 8:16:49 - PHP Warning:  imagepng(): Unable to open '/var/www/html/waltersbay/image/cache/catalog/tea_test1-350x200.png' for writing: Permission denied in /var/www/html/waltersbay/system/library/image.php on line 66
2015-11-20 8:16:49 - PHP Warning:  imagejpeg(): Unable to open '/var/www/html/waltersbay/image/cache/catalog/demo/apple_cinema_30-350x200.jpg' for writing: Permission denied in /var/www/html/waltersbay/system/library/image.php on line 64
2015-11-20 8:16:49 - PHP Warning:  imagepng(): Unable to open '/var/www/html/waltersbay/image/cache/catalog/tea_test1-200x300.png' for writing: Permission denied in /var/www/html/waltersbay/system/library/image.php on line 66
2015-11-20 8:16:51 - PHP Warning:  imagepng(): Unable to open '/var/www/html/waltersbay/image/cache/catalog/tea_test1-350x200.png' for writing: Permission denied in /var/www/html/waltersbay/system/library/image.php on line 66
2015-11-20 8:16:51 - PHP Warning:  imagejpeg(): Unable to open '/var/www/html/waltersbay/image/cache/catalog/demo/apple_cinema_30-350x200.jpg' for writing: Permission denied in /var/www/html/waltersbay/system/library/image.php on line 64
2015-11-20 8:16:51 - PHP Warning:  imagepng(): Unable to open '/var/www/html/waltersbay/image/cache/catalog/tea_test1-200x300.png' for writing: Permission denied in /var/www/html/waltersbay/system/library/image.php on line 66
2015-11-20 8:19:01 - PHP Warning:  imagepng(): Unable to open '/var/www/html/waltersbay/image/cache/catalog/tea_test1-40x40.png' for writing: Permission denied in /var/www/html/waltersbay/system/library/image.php on line 66
2015-11-20 8:19:54 - PHP Warning:  imagepng(): Unable to open '/var/www/html/waltersbay/image/cache/catalog/tea_test5-500x500.png' for writing: Permission denied in /var/www/html/waltersbay/system/library/image.php on line 66
2015-11-20 8:19:54 - PHP Warning:  imagepng(): Unable to open '/var/www/html/waltersbay/image/cache/catalog/tea_test5-228x228.png' for writing: Permission denied in /var/www/html/waltersbay/system/library/image.php on line 66
2015-11-20 8:20:00 - PHP Warning:  imagepng(): Unable to open '/var/www/html/waltersbay/image/cache/catalog/tea_test4-500x500.png' for writing: Permission denied in /var/www/html/waltersbay/system/library/image.php on line 66
2015-11-20 8:20:00 - PHP Warning:  imagepng(): Unable to open '/var/www/html/waltersbay/image/cache/catalog/tea_test4-228x228.png' for writing: Permission denied in /var/www/html/waltersbay/system/library/image.php on line 66
2015-11-20 8:25:04 - PHP Warning:  imagepng(): Unable to open '/var/www/html/waltersbay/image/cache/catalog/banner_1-40x40.png' for writing: Permission denied in /var/www/html/waltersbay/system/library/image.php on line 66
2015-11-20 8:25:30 - PHP Warning:  imagepng(): Unable to open '/var/www/html/waltersbay/image/cache/catalog/banner_1-40x40.png' for writing: Permission denied in /var/www/html/waltersbay/system/library/image.php on line 66
2015-11-20 8:25:30 - PHP Warning:  imagepng(): Unable to open '/var/www/html/waltersbay/image/cache/catalog/banner_2-40x40.png' for writing: Permission denied in /var/www/html/waltersbay/system/library/image.php on line 66
2015-11-20 8:25:33 - PHP Warning:  imagepng(): Unable to open '/var/www/html/waltersbay/image/cache/catalog/banner_2-350x200.png' for writing: Permission denied in /var/www/html/waltersbay/system/library/image.php on line 66
2015-11-20 8:25:33 - PHP Warning:  imagepng(): Unable to open '/var/www/html/waltersbay/image/cache/catalog/banner_1-350x200.png' for writing: Permission denied in /var/www/html/waltersbay/system/library/image.php on line 66
2015-11-20 8:25:43 - PHP Warning:  imagepng(): Unable to open '/var/www/html/waltersbay/image/cache/catalog/banner_1-500x500.png' for writing: Permission denied in /var/www/html/waltersbay/system/library/image.php on line 66
2015-11-20 8:25:43 - PHP Warning:  imagepng(): Unable to open '/var/www/html/waltersbay/image/cache/catalog/banner_1-228x228.png' for writing: Permission denied in /var/www/html/waltersbay/system/library/image.php on line 66
2015-11-20 8:25:45 - PHP Warning:  imagepng(): Unable to open '/var/www/html/waltersbay/image/cache/catalog/banner_2-350x200.png' for writing: Permission denied in /var/www/html/waltersbay/system/library/image.php on line 66
2015-11-20 8:25:45 - PHP Warning:  imagepng(): Unable to open '/var/www/html/waltersbay/image/cache/catalog/banner_1-350x200.png' for writing: Permission denied in /var/www/html/waltersbay/system/library/image.php on line 66
2015-11-20 8:27:12 - PHP Warning:  imagepng(): Unable to open '/var/www/html/waltersbay/image/cache/catalog/tea3-100x100.png' for writing: Permission denied in /var/www/html/waltersbay/system/library/image.php on line 66
2015-11-20 8:27:24 - PHP Warning:  imagepng(): Unable to open '/var/www/html/waltersbay/image/cache/catalog/banner_1-40x40.png' for writing: Permission denied in /var/www/html/waltersbay/system/library/image.php on line 66
2015-11-20 8:27:24 - PHP Warning:  imagepng(): Unable to open '/var/www/html/waltersbay/image/cache/catalog/banner_1-40x40.png' for writing: Permission denied in /var/www/html/waltersbay/system/library/image.php on line 66
2015-11-20 8:27:36 - PHP Warning:  imagepng(): Unable to open '/var/www/html/waltersbay/image/cache/catalog/tea3-100x100.png' for writing: Permission denied in /var/www/html/waltersbay/system/library/image.php on line 66
2015-11-20 8:28:06 - PHP Warning:  imagepng(): Unable to open '/var/www/html/waltersbay/image/cache/catalog/tea3-100x100.png' for writing: Permission denied in /var/www/html/waltersbay/system/library/image.php on line 66
2015-11-20 8:28:12 - PHP Warning:  imagepng(): Unable to open '/var/www/html/waltersbay/image/cache/catalog/banner_1-40x40.png' for writing: Permission denied in /var/www/html/waltersbay/system/library/image.php on line 66
2015-11-20 8:28:26 - PHP Warning:  imagepng(): Unable to open '/var/www/html/waltersbay/image/cache/catalog/tea3-100x100.png' for writing: Permission denied in /var/www/html/waltersbay/system/library/image.php on line 66
2015-11-20 8:28:55 - PHP Warning:  imagepng(): Unable to open '/var/www/html/waltersbay/image/cache/catalog/green-tea1-350x200.png' for writing: Permission denied in /var/www/html/waltersbay/system/library/image.php on line 66
2015-11-20 8:53:58 - PHP Warning:  imagepng(): Unable to open '/var/www/html/waltersbay/image/cache/catalog/green-tea1-350x200.png' for writing: Permission denied in /var/www/html/waltersbay/system/library/image.php on line 66
2015-11-20 8:54:39 - PHP Warning:  imagepng(): Unable to open '/var/www/html/waltersbay/image/cache/catalog/green-tea1-350x200.png' for writing: Permission denied in /var/www/html/waltersbay/system/library/image.php on line 66
2015-11-20 8:55:07 - PHP Warning:  imagepng(): Unable to open '/var/www/html/waltersbay/image/cache/catalog/green-tea1-350x200.png' for writing: Permission denied in /var/www/html/waltersbay/system/library/image.php on line 66
2015-11-20 9:03:20 - PHP Warning:  imagepng(): Unable to open '/var/www/html/waltersbay/image/cache/catalog/green-tea1-350x200.png' for writing: Permission denied in /var/www/html/waltersbay/system/library/image.php on line 66
2015-11-20 9:18:25 - PHP Warning:  imagepng(): Unable to open '/var/www/html/waltersbay/image/cache/catalog/green-tea1-350x200.png' for writing: Permission denied in /var/www/html/waltersbay/system/library/image.php on line 66
2015-11-20 9:38:10 - PHP Warning:  imagepng(): Unable to open '/var/www/html/waltersbay/image/cache/catalog/green-tea1-350x200.png' for writing: Permission denied in /var/www/html/waltersbay/system/library/image.php on line 66
2015-11-20 9:38:32 - PHP Warning:  imagepng(): Unable to open '/var/www/html/waltersbay/image/cache/catalog/green-tea1-350x200.png' for writing: Permission denied in /var/www/html/waltersbay/system/library/image.php on line 66
2015-11-20 9:39:29 - PHP Warning:  imagepng(): Unable to open '/var/www/html/waltersbay/image/cache/catalog/green-tea1-350x200.png' for writing: Permission denied in /var/www/html/waltersbay/system/library/image.php on line 66
2015-11-20 9:39:35 - PHP Warning:  imagepng(): Unable to open '/var/www/html/waltersbay/image/cache/catalog/green-tea1-350x200.png' for writing: Permission denied in /var/www/html/waltersbay/system/library/image.php on line 66
2015-11-20 9:39:39 - PHP Warning:  imagepng(): Unable to open '/var/www/html/waltersbay/image/cache/catalog/green-tea1-350x200.png' for writing: Permission denied in /var/www/html/waltersbay/system/library/image.php on line 66
2015-11-20 9:45:36 - PHP Warning:  imagepng(): Unable to open '/var/www/html/waltersbay/image/cache/catalog/green-tea1-350x200.png' for writing: Permission denied in /var/www/html/waltersbay/system/library/image.php on line 66
2015-11-20 10:37:56 - PHP Warning:  imagepng(): Unable to open '/var/www/html/waltersbay/image/cache/catalog/green-tea1-350x200.png' for writing: Permission denied in /var/www/html/waltersbay/system/library/image.php on line 66
2015-11-20 10:38:07 - PHP Warning:  imagepng(): Unable to open '/var/www/html/waltersbay/image/cache/catalog/green-tea1-350x200.png' for writing: Permission denied in /var/www/html/waltersbay/system/library/image.php on line 66
2015-11-20 10:38:39 - PHP Warning:  imagepng(): Unable to open '/var/www/html/waltersbay/image/cache/catalog/green-tea1-350x200.png' for writing: Permission denied in /var/www/html/waltersbay/system/library/image.php on line 66
2015-11-20 10:40:27 - PHP Warning:  imagepng(): Unable to open '/var/www/html/waltersbay/image/cache/catalog/green-tea1-350x200.png' for writing: Permission denied in /var/www/html/waltersbay/system/library/image.php on line 66
2015-11-20 10:41:15 - PHP Warning:  imagepng(): Unable to open '/var/www/html/waltersbay/image/cache/catalog/green-tea1-350x200.png' for writing: Permission denied in /var/www/html/waltersbay/system/library/image.php on line 66
2015-11-20 10:42:41 - PHP Warning:  imagepng(): Unable to open '/var/www/html/waltersbay/image/cache/catalog/green-tea1-350x200.png' for writing: Permission denied in /var/www/html/waltersbay/system/library/image.php on line 66
2015-11-20 10:44:27 - PHP Warning:  imagepng(): Unable to open '/var/www/html/waltersbay/image/cache/catalog/green-tea1-350x200.png' for writing: Permission denied in /var/www/html/waltersbay/system/library/image.php on line 66
2015-11-20 10:44:48 - PHP Warning:  imagepng(): Unable to open '/var/www/html/waltersbay/image/cache/catalog/green-tea1-350x200.png' for writing: Permission denied in /var/www/html/waltersbay/system/library/image.php on line 66
2015-11-20 10:45:20 - PHP Warning:  imagepng(): Unable to open '/var/www/html/waltersbay/image/cache/catalog/green-tea1-350x200.png' for writing: Permission denied in /var/www/html/waltersbay/system/library/image.php on line 66
2015-11-20 11:03:36 - PHP Warning:  imagepng(): Unable to open '/var/www/html/waltersbay/image/cache/catalog/green-tea1-350x200.png' for writing: Permission denied in /var/www/html/waltersbay/system/library/image.php on line 66
2015-11-20 11:03:36 - PHP Notice:  Undefined variable: text_search in /var/www/html/waltersbay/catalog/view/theme/waltcustom/template/common/header.tpl on line 97
2015-11-20 11:04:19 - PHP Warning:  imagepng(): Unable to open '/var/www/html/waltersbay/image/cache/catalog/green-tea1-350x200.png' for writing: Permission denied in /var/www/html/waltersbay/system/library/image.php on line 66
2015-11-20 11:04:19 - PHP Notice:  Undefined variable: text_search in /var/www/html/waltersbay/catalog/view/theme/waltcustom/template/common/header.tpl on line 97
2015-11-20 11:04:28 - PHP Warning:  imagepng(): Unable to open '/var/www/html/waltersbay/image/cache/catalog/green-tea1-350x200.png' for writing: Permission denied in /var/www/html/waltersbay/system/library/image.php on line 66
2015-11-20 11:04:28 - PHP Notice:  Undefined variable: text_search in /var/www/html/waltersbay/catalog/view/theme/waltcustom/template/common/header.tpl on line 97
2015-11-20 11:07:22 - PHP Warning:  imagepng(): Unable to open '/var/www/html/waltersbay/image/cache/catalog/green-tea1-350x200.png' for writing: Permission denied in /var/www/html/waltersbay/system/library/image.php on line 66
2015-11-20 11:07:22 - PHP Notice:  Undefined variable: text_search in /var/www/html/waltersbay/catalog/view/theme/waltcustom/template/common/header.tpl on line 97
2015-11-20 11:07:22 - PHP Notice:  Undefined variable: text_search in /var/www/html/waltersbay/catalog/view/theme/waltcustom/template/common/header.tpl on line 97
2015-11-20 11:08:32 - PHP Warning:  imagepng(): Unable to open '/var/www/html/waltersbay/image/cache/catalog/green-tea1-350x200.png' for writing: Permission denied in /var/www/html/waltersbay/system/library/image.php on line 66
2015-11-20 11:11:49 - PHP Warning:  imagepng(): Unable to open '/var/www/html/waltersbay/image/cache/catalog/green-tea1-350x200.png' for writing: Permission denied in /var/www/html/waltersbay/system/library/image.php on line 66
2015-11-20 11:15:06 - PHP Warning:  imagepng(): Unable to open '/var/www/html/waltersbay/image/cache/catalog/green-tea1-350x200.png' for writing: Permission denied in /var/www/html/waltersbay/system/library/image.php on line 66
2015-11-20 11:16:36 - PHP Warning:  imagepng(): Unable to open '/var/www/html/waltersbay/image/cache/catalog/green-tea1-350x200.png' for writing: Permission denied in /var/www/html/waltersbay/system/library/image.php on line 66
2015-11-20 11:23:15 - PHP Warning:  imagepng(): Unable to open '/var/www/html/waltersbay/image/cache/catalog/green-tea1-350x200.png' for writing: Permission denied in /var/www/html/waltersbay/system/library/image.php on line 66
